<html>
<head>
<title>TestNG:  Education page testing</title>
<link href="../testng.css" rel="stylesheet" type="text/css" />
<link href="../my-testng.css" rel="stylesheet" type="text/css" />

<style type="text/css">
.log { display: none;} 
.stack-trace { display: none;} 
</style>
<script type="text/javascript">
<!--
function flip(e) {
  current = e.style.display;
  if (current == 'block') {
    e.style.display = 'none';
    return 0;
  }
  else {
    e.style.display = 'block';
    return 1;
  }
}

function toggleBox(szDivId, elem, msg1, msg2)
{
  var res = -1;  if (document.getElementById) {
    res = flip(document.getElementById(szDivId));
  }
  else if (document.all) {
    // this is the way old msie versions work
    res = flip(document.all[szDivId]);
  }
  if(elem) {
    if(res == 0) elem.innerHTML = msg1; else elem.innerHTML = msg2;
  }

}

function toggleAllBoxes() {
  if (document.getElementsByTagName) {
    d = document.getElementsByTagName('div');
    for (i = 0; i < d.length; i++) {
      if (d[i].className == 'log') {
        flip(d[i]);
      }
    }
  }
}

// -->
</script>

</head>
<body>
<h2 align='center'>Education page testing</h2><table border='1' align="center">
<tr>
<td>Tests passed/Failed/Skipped:</td><td>6/1/0</td>
</tr><tr>
<td>Started on:</td><td>Thu May 31 13:29:55 GMT+04:00 2018</td>
</tr>
<tr><td>Total time:</td><td>27 seconds (27569 ms)</td>
</tr><tr>
<td>Included groups:</td><td></td>
</tr><tr>
<td>Excluded groups:</td><td></td>
</tr>
</table><p/>
<small><i>(Hover the method name to see the test class name)</i></small><p/>
<table width='100%' border='1' class='invocation-failed'>
<tr><td colspan='4' align='center'><b>FAILED TESTS</b></td></tr>
<tr><td><b>Test method</b></td>
<td width="30%"><b>Exception</b></td>
<td width="10%"><b>Time (seconds)</b></td>
<td><b>Instance</b></td>
</tr>
<tr>
<td title='tests.educationPageTests.EducationTest.openDialogueWithTeacher()'><b>openDialogueWithTeacher</b><br>Test class: tests.educationPageTests.EducationTest ()<br/>
<a href="#Output-1711761008" onClick='toggleBox("Output-1711761008", this, "Show output", "Hide output");'>Show output</a>

<a href="#Output-1711761008" onClick="toggleAllBoxes();">Show all outputs</a>
<div class='log' id="Output-1711761008">
2018-05-31 13:30:09 INFO  EducationTest:26 - TC_4.2 openDialogueWithTeacher
<br/>
2018-05-31 13:30:09 INFO  EducationPage:63 - writeMessange
<br/>
2018-05-31 13:30:19 INFO  Screenshot:43 - <a href='screenshots/screenshot738270131872609486.png'>AutoScreen</a>
<br/>
</div>
</td>
<td><div><pre>org.openqa.selenium.NoSuchElementException: no such element: Unable to locate element: {&quot;method&quot;:&quot;xpath&quot;,&quot;selector&quot;:&quot;../preceding-sibling::td[1]&quot;}
  (Session info: chrome=66.0.3359.181)
  (Driver info: chromedriver=2.38.552522 (437e6fbedfa8762dec75e2c5b3ddb86763dc9dcb),platform=Windows NT 10.0.16299 x86_64) (WARNING: The server did not provide any stacktrace information)
Command duration or timeout: 0 milliseconds
For documentation on this error, please visit: http://seleniumhq.org/exceptions/no_such_element.html
Build info: version: &apos;3.5.3&apos;, revision: &apos;a88d25fe6b&apos;, time: &apos;2017-08-29T12:42:44.417Z&apos;
System info: host: &apos;EPRUSARW1003&apos;, ip: &apos;10.11.14.128&apos;, os.name: &apos;Windows 10&apos;, os.arch: &apos;amd64&apos;, os.version: &apos;10.0&apos;, java.version: &apos;1.8.0_161&apos;
Driver info: org.openqa.selenium.chrome.ChromeDriver
Capabilities [{mobileEmulationEnabled=false, hasTouchScreen=false, platform=XP, acceptSslCerts=false, acceptInsecureCerts=false, webStorageEnabled=true, browserName=chrome, takesScreenshot=true, javascriptEnabled=true, platformName=XP, setWindowRect=true, unexpectedAlertBehaviour=, applicationCacheEnabled=false, rotatable=false, networkConnectionEnabled=false, chrome={chromedriverVersion=2.38.552522 (437e6fbedfa8762dec75e2c5b3ddb86763dc9dcb), userDataDir=C:\Users\MARIIA~1\AppData\Local\Temp\scoped_dir22324_32267}, takesHeapSnapshot=true, pageLoadStrategy=normal, unhandledPromptBehavior=, databaseEnabled=false, handlesAlerts=true, version=66.0.3359.181, browserConnectionEnabled=false, nativeEvents=true, locationContextEnabled=true, cssSelectorsEnabled=true}]
Session ID: 71ce14662d4b770ef059e60409e44f2d
*** Element info: {Using=xpath, value=../preceding-sibling::td[1]}
	at org.openqa.selenium.remote.ErrorHandler.createThrowable(ErrorHandler.java:215)
	at org.openqa.selenium.remote.ErrorHandler.throwIfResponseFailed(ErrorHandler.java:167)
	at org.openqa.selenium.remote.http.JsonHttpResponseCodec.reconstructValue(JsonHttpResponseCodec.java:40)
	at org.openqa.selenium.remote.http.AbstractHttpResponseCodec.decode(AbstractHttpResponseCodec.java:82)
	at org.openqa.selenium.remote.http.AbstractHttpResponseCodec.decode(AbstractHttpResponseCodec.java:45)
	at org.openqa.selenium.remote.HttpCommandExecutor.execute(HttpCommandExecutor.java:164)
	at org.openqa.selenium.remote.service.DriverCommandExecutor.execute(DriverCommandExecutor.java:82)
	at org.openqa.selenium.remote.RemoteWebDriver.execute(RemoteWebDriver.java:646)
	at org.openqa.selenium.remote.RemoteWebElement.execute(RemoteWebElement.java:275)
	at org.openqa.selenium.remote.RemoteWebElement.findElement(RemoteWebElement.java:178)
	at org.openqa.selenium.remote.RemoteWebElement.findElementByXPath(RemoteWebElement.java:251)
	at org.openqa.selenium.By$ByXPath.findElement(By.java:361)
	at org.openqa.selenium.remote.RemoteWebElement.findElement(RemoteWebElement.java:174)
	at org.openqa.selenium.support.events.EventFiringWebDriver$EventFiringWebElement$1.invoke(EventFiringWebDriver.java:350)
	at com.sun.proxy.$Proxy36.findElement(Unknown Source)
	at org.openqa.selenium.support.events.EventFiringWebDriver$EventFiringWebElement.findElement(EventFiringWebDriver.java:425)
	at org.openqa.selenium.support.pagefactory.internal.LocatingElementHandler.invoke(LocatingElementHandler.java:51)
	at com.sun.proxy.$Proxy35.findElement(Unknown Source)
	at ui.EducationPage.writeMessange(EducationPage.java:64)
	at tests.educationPageTests.EducationTest.openDialogueWithTeacher(EducationTest.java:27)
	at runner.Runner.run(Runner.java:49)
	at runner.Runner.main(Runner.java:22)
	at org.codehaus.mojo.exec.ExecJavaMojo$1.run(ExecJavaMojo.java:282)
	at java.lang.Thread.run(Thread.java:748)
... Removed 37 stack frames</pre></div><a href='#' onClick='toggleBox("stack-trace1711761008", this, "Click to show all stack frames", "Click to hide stack frames")'>Click to show all stack frames</a>
<div class='stack-trace' id='stack-trace1711761008'><pre>org.openqa.selenium.NoSuchElementException: no such element: Unable to locate element: {&quot;method&quot;:&quot;xpath&quot;,&quot;selector&quot;:&quot;../preceding-sibling::td[1]&quot;}
  (Session info: chrome=66.0.3359.181)
  (Driver info: chromedriver=2.38.552522 (437e6fbedfa8762dec75e2c5b3ddb86763dc9dcb),platform=Windows NT 10.0.16299 x86_64) (WARNING: The server did not provide any stacktrace information)
Command duration or timeout: 0 milliseconds
For documentation on this error, please visit: http://seleniumhq.org/exceptions/no_such_element.html
Build info: version: &apos;3.5.3&apos;, revision: &apos;a88d25fe6b&apos;, time: &apos;2017-08-29T12:42:44.417Z&apos;
System info: host: &apos;EPRUSARW1003&apos;, ip: &apos;10.11.14.128&apos;, os.name: &apos;Windows 10&apos;, os.arch: &apos;amd64&apos;, os.version: &apos;10.0&apos;, java.version: &apos;1.8.0_161&apos;
Driver info: org.openqa.selenium.chrome.ChromeDriver
Capabilities [{mobileEmulationEnabled=false, hasTouchScreen=false, platform=XP, acceptSslCerts=false, acceptInsecureCerts=false, webStorageEnabled=true, browserName=chrome, takesScreenshot=true, javascriptEnabled=true, platformName=XP, setWindowRect=true, unexpectedAlertBehaviour=, applicationCacheEnabled=false, rotatable=false, networkConnectionEnabled=false, chrome={chromedriverVersion=2.38.552522 (437e6fbedfa8762dec75e2c5b3ddb86763dc9dcb), userDataDir=C:\Users\MARIIA~1\AppData\Local\Temp\scoped_dir22324_32267}, takesHeapSnapshot=true, pageLoadStrategy=normal, unhandledPromptBehavior=, databaseEnabled=false, handlesAlerts=true, version=66.0.3359.181, browserConnectionEnabled=false, nativeEvents=true, locationContextEnabled=true, cssSelectorsEnabled=true}]
Session ID: 71ce14662d4b770ef059e60409e44f2d
*** Element info: {Using=xpath, value=../preceding-sibling::td[1]}
	at sun.reflect.NativeConstructorAccessorImpl.newInstance0(Native Method)
	at sun.reflect.NativeConstructorAccessorImpl.newInstance(NativeConstructorAccessorImpl.java:62)
	at sun.reflect.DelegatingConstructorAccessorImpl.newInstance(DelegatingConstructorAccessorImpl.java:45)
	at java.lang.reflect.Constructor.newInstance(Constructor.java:423)
	at org.openqa.selenium.remote.ErrorHandler.createThrowable(ErrorHandler.java:215)
	at org.openqa.selenium.remote.ErrorHandler.throwIfResponseFailed(ErrorHandler.java:167)
	at org.openqa.selenium.remote.http.JsonHttpResponseCodec.reconstructValue(JsonHttpResponseCodec.java:40)
	at org.openqa.selenium.remote.http.AbstractHttpResponseCodec.decode(AbstractHttpResponseCodec.java:82)
	at org.openqa.selenium.remote.http.AbstractHttpResponseCodec.decode(AbstractHttpResponseCodec.java:45)
	at org.openqa.selenium.remote.HttpCommandExecutor.execute(HttpCommandExecutor.java:164)
	at org.openqa.selenium.remote.service.DriverCommandExecutor.execute(DriverCommandExecutor.java:82)
	at org.openqa.selenium.remote.RemoteWebDriver.execute(RemoteWebDriver.java:646)
	at org.openqa.selenium.remote.RemoteWebElement.execute(RemoteWebElement.java:275)
	at org.openqa.selenium.remote.RemoteWebElement.findElement(RemoteWebElement.java:178)
	at org.openqa.selenium.remote.RemoteWebElement.findElementByXPath(RemoteWebElement.java:251)
	at org.openqa.selenium.By$ByXPath.findElement(By.java:361)
	at org.openqa.selenium.remote.RemoteWebElement.findElement(RemoteWebElement.java:174)
	at sun.reflect.NativeMethodAccessorImpl.invoke0(Native Method)
	at sun.reflect.NativeMethodAccessorImpl.invoke(NativeMethodAccessorImpl.java:62)
	at sun.reflect.DelegatingMethodAccessorImpl.invoke(DelegatingMethodAccessorImpl.java:43)
	at java.lang.reflect.Method.invoke(Method.java:498)
	at org.openqa.selenium.support.events.EventFiringWebDriver$EventFiringWebElement$1.invoke(EventFiringWebDriver.java:350)
	at com.sun.proxy.$Proxy36.findElement(Unknown Source)
	at org.openqa.selenium.support.events.EventFiringWebDriver$EventFiringWebElement.findElement(EventFiringWebDriver.java:425)
	at sun.reflect.NativeMethodAccessorImpl.invoke0(Native Method)
	at sun.reflect.NativeMethodAccessorImpl.invoke(NativeMethodAccessorImpl.java:62)
	at sun.reflect.DelegatingMethodAccessorImpl.invoke(DelegatingMethodAccessorImpl.java:43)
	at java.lang.reflect.Method.invoke(Method.java:498)
	at org.openqa.selenium.support.pagefactory.internal.LocatingElementHandler.invoke(LocatingElementHandler.java:51)
	at com.sun.proxy.$Proxy35.findElement(Unknown Source)
	at ui.EducationPage.writeMessange(EducationPage.java:64)
	at tests.educationPageTests.EducationTest.openDialogueWithTeacher(EducationTest.java:27)
	at sun.reflect.NativeMethodAccessorImpl.invoke0(Native Method)
	at sun.reflect.NativeMethodAccessorImpl.invoke(NativeMethodAccessorImpl.java:62)
	at sun.reflect.DelegatingMethodAccessorImpl.invoke(DelegatingMethodAccessorImpl.java:43)
	at java.lang.reflect.Method.invoke(Method.java:498)
	at org.testng.internal.MethodInvocationHelper.invokeMethod(MethodInvocationHelper.java:86)
	at org.testng.internal.Invoker.invokeMethod(Invoker.java:643)
	at org.testng.internal.Invoker.invokeTestMethod(Invoker.java:820)
	at org.testng.internal.Invoker.invokeTestMethods(Invoker.java:1128)
	at org.testng.internal.TestMethodWorker.invokeTestMethods(TestMethodWorker.java:129)
	at org.testng.internal.TestMethodWorker.run(TestMethodWorker.java:112)
	at org.testng.TestRunner.privateRun(TestRunner.java:782)
	at org.testng.TestRunner.run(TestRunner.java:632)
	at org.testng.SuiteRunner.runTest(SuiteRunner.java:366)
	at org.testng.SuiteRunner.runSequentially(SuiteRunner.java:361)
	at org.testng.SuiteRunner.privateRun(SuiteRunner.java:319)
	at org.testng.SuiteRunner.run(SuiteRunner.java:268)
	at org.testng.SuiteRunnerWorker.runSuite(SuiteRunnerWorker.java:52)
	at org.testng.SuiteRunnerWorker.run(SuiteRunnerWorker.java:86)
	at org.testng.TestNG.runSuitesSequentially(TestNG.java:1244)
	at org.testng.TestNG.runSuitesLocally(TestNG.java:1169)
	at org.testng.TestNG.run(TestNG.java:1064)
	at runner.Runner.run(Runner.java:49)
	at runner.Runner.main(Runner.java:22)
	at sun.reflect.NativeMethodAccessorImpl.invoke0(Native Method)
	at sun.reflect.NativeMethodAccessorImpl.invoke(NativeMethodAccessorImpl.java:62)
	at sun.reflect.DelegatingMethodAccessorImpl.invoke(DelegatingMethodAccessorImpl.java:43)
	at java.lang.reflect.Method.invoke(Method.java:498)
	at org.codehaus.mojo.exec.ExecJavaMojo$1.run(ExecJavaMojo.java:282)
	at java.lang.Thread.run(Thread.java:748)
</pre></div></td>
<td>10</td>
<td>tests.educationPageTests.EducationTest@729393d8</td></tr>
</table><p>
<table width='100%' border='1' class='invocation-passed'>
<tr><td colspan='4' align='center'><b>PASSED TESTS</b></td></tr>
<tr><td><b>Test method</b></td>
<td width="30%"><b>Exception</b></td>
<td width="10%"><b>Time (seconds)</b></td>
<td><b>Instance</b></td>
</tr>
<tr>
<td title='tests.educationPageTests.EducationTest.isInfoSubject()'><b>isInfoSubject</b><br>Test class: tests.educationPageTests.EducationTest ()<br/>
<a href="#Output-368461374" onClick='toggleBox("Output-368461374", this, "Show output", "Hide output");'>Show output</a>

<a href="#Output-368461374" onClick="toggleAllBoxes();">Show all outputs</a>
<div class='log' id="Output-368461374">
2018-05-31 13:29:57 INFO  EducationTest:16 - TC_4.1 isInfoSubject
<br/>
2018-05-31 13:29:57 INFO  CommonPage:66 - openEducationPage
<br/>
2018-05-31 13:30:00 WARN  EducationPage:133 - isEducationPage true
<br/>
2018-05-31 13:30:00 INFO  EducationPage:40 - openSemester 2
<br/>
2018-05-31 13:30:02 INFO  EducationPage:46 - openInfoSubject
<br/>
2018-05-31 13:30:02 WARN  EducationPage:54 - isInfoBlockSubjectPresent true
<br/>
</div>
</td>
<td></td>
<td>4</td>
<td>tests.educationPageTests.EducationTest@729393d8</td></tr>
<tr>
<td title='tests.educationPageTests.EducationTest.isStatisticPresent()'><b>isStatisticPresent</b><br>Test class: tests.educationPageTests.EducationTest ()<br/>
<a href="#Output-378094610" onClick='toggleBox("Output-378094610", this, "Show output", "Hide output");'>Show output</a>

<a href="#Output-378094610" onClick="toggleAllBoxes();">Show all outputs</a>
<div class='log' id="Output-378094610">
2018-05-31 13:30:19 INFO  EducationTest:49 - TC_5.2 isStatisticPresent
<br/>
2018-05-31 13:30:19 WARN  EducationPage:100 - isStatisticPresent true
<br/>
</div>
</td>
<td></td>
<td>0</td>
<td>tests.educationPageTests.EducationTest@729393d8</td></tr>
<tr>
<td title='tests.educationPageTests.EducationTest.isStructurePresent()'><b>isStructurePresent</b><br>Test class: tests.educationPageTests.EducationTest ()<br/>
<a href="#Output-1264620629" onClick='toggleBox("Output-1264620629", this, "Show output", "Hide output");'>Show output</a>

<a href="#Output-1264620629" onClick="toggleAllBoxes();">Show all outputs</a>
<div class='log' id="Output-1264620629">
2018-05-31 13:30:19 INFO  EducationTest:56 - TC_5.3 isStructurePresent
<br/>
2018-05-31 13:30:19 WARN  EducationPage:110 - isStructurePresent true
<br/>
</div>
</td>
<td></td>
<td>0</td>
<td>tests.educationPageTests.EducationTest@729393d8</td></tr>
<tr>
<td title='tests.educationPageTests.EducationTest.isTablePresent()'><b>isTablePresent</b><br>Test class: tests.educationPageTests.EducationTest ()<br/>
<a href="#Output-1355992749" onClick='toggleBox("Output-1355992749", this, "Show output", "Hide output");'>Show output</a>

<a href="#Output-1355992749" onClick="toggleAllBoxes();">Show all outputs</a>
<div class='log' id="Output-1355992749">
2018-05-31 13:30:19 INFO  EducationTest:42 - TC_5.1 isTablePresent
<br/>
2018-05-31 13:30:19 WARN  EducationPage:90 - isTablePresent true
<br/>
</div>
</td>
<td></td>
<td>0</td>
<td>tests.educationPageTests.EducationTest@729393d8</td></tr>
<tr>
<td title='tests.educationPageTests.EducationTest.openDocument()'><b>openDocument</b><br>Test class: tests.educationPageTests.EducationTest ()<br/>
<a href="#Output-994281417" onClick='toggleBox("Output-994281417", this, "Show output", "Hide output");'>Show output</a>

<a href="#Output-994281417" onClick="toggleAllBoxes();">Show all outputs</a>
<div class='log' id="Output-994281417">
2018-05-31 13:30:19 INFO  EducationTest:63 - TC_5.4 openDocument
<br/>
2018-05-31 13:30:21 INFO  EducationPage:121 - openDocument Титульный лист рабочей программы дисциплины
<br/>
</div>
</td>
<td></td>
<td>2</td>
<td>tests.educationPageTests.EducationTest@729393d8</td></tr>
<tr>
<td title='tests.educationPageTests.EducationTest.openSubject()'><b>openSubject</b><br>Test class: tests.educationPageTests.EducationTest ()<br/>
<a href="#Output-324518142" onClick='toggleBox("Output-324518142", this, "Show output", "Hide output");'>Show output</a>

<a href="#Output-324518142" onClick="toggleAllBoxes();">Show all outputs</a>
<div class='log' id="Output-324518142">
2018-05-31 13:30:02 INFO  EducationTest:33 - TC_4.3 openSubject
<br/>
2018-05-31 13:30:02 INFO  CommonPage:66 - openEducationPage
<br/>
2018-05-31 13:30:05 WARN  EducationPage:133 - isEducationPage true
<br/>
2018-05-31 13:30:05 INFO  EducationPage:40 - openSemester 8
<br/>
2018-05-31 13:30:09 WARN  EducationPage:79 - openSubject true
<br/>
</div>
</td>
<td></td>
<td>6</td>
<td>tests.educationPageTests.EducationTest@729393d8</td></tr>
</table><p>
</body>
</html>