<?xml version="1.0" encoding="UTF-8"?>
<!-- Generated by org.testng.reporters.JUnitXMLReporter -->
<testsuite hostname="EPRUSARW1003" name="Main page testing" tests="36" failures="10" timestamp="31 May 2018 09:36:37 GMT" time="374.088" errors="0">
  <testcase name="@AfterClass authorizationOut" time="0.0" classname="tests.mainPageTests.NewsTest">
    <failure type="org.openqa.selenium.TimeoutException" message="Expected condition failed: waiting for ui.CommonPage$$Lambda$110/673969048@4f690ee9 (tried for 30 second(s) with 1 MILLISECONDS interval)
Build info: version: &amp;apos;3.5.3&amp;apos;, revision: &amp;apos;a88d25fe6b&amp;apos;, time: &amp;apos;2017-08-29T12:42:44.417Z&amp;apos;
System info: host: &amp;apos;EPRUSARW1003&amp;apos;, ip: &amp;apos;10.11.14.128&amp;apos;, os.name: &amp;apos;Windows 10&amp;apos;, os.arch: &amp;apos;amd64&amp;apos;, os.version: &amp;apos;10.0&amp;apos;, java.version: &amp;apos;1.8.0_161&amp;apos;
Driver info: org.openqa.selenium.support.events.EventFiringWebDriver">
      <![CDATA[org.openqa.selenium.TimeoutException: Expected condition failed: waiting for ui.CommonPage$$Lambda$110/673969048@4f690ee9 (tried for 30 second(s) with 1 MILLISECONDS interval)
Build info: version: '3.5.3', revision: 'a88d25fe6b', time: '2017-08-29T12:42:44.417Z'
System info: host: 'EPRUSARW1003', ip: '10.11.14.128', os.name: 'Windows 10', os.arch: 'amd64', os.version: '10.0', java.version: '1.8.0_161'
Driver info: org.openqa.selenium.support.events.EventFiringWebDriver
	at org.openqa.selenium.support.ui.WebDriverWait.timeoutException(WebDriverWait.java:80)
	at org.openqa.selenium.support.ui.FluentWait.until(FluentWait.java:232)
	at ui.CommonPage.logout(CommonPage.java:102)
	at tests.BaseTest.authorizationOut(BaseTest.java:49)
	at runner.Runner.run(Runner.java:49)
	at runner.Runner.main(Runner.java:22)
	at org.codehaus.mojo.exec.ExecJavaMojo$1.run(ExecJavaMojo.java:282)
	at java.lang.Thread.run(Thread.java:748)
... Removed 25 stack frames]]>
    </failure>
  </testcase> <!-- @AfterClass authorizationOut -->
  <testcase name="@BeforeClass startWebSite" time="0.0" classname="tests.mainPageTests.PhoneTest">
    <skipped/>
  </testcase> <!-- @BeforeClass startWebSite -->
  <testcase name="@BeforeClass x_Login" time="0.0" classname="tests.mainPageTests.PhoneTest">
    <skipped/>
  </testcase> <!-- @BeforeClass x_Login -->
  <testcase name="@BeforeMethod openMainPage" time="0.0" classname="tests.mainPageTests.PhoneTest">
    <skipped/>
  </testcase> <!-- @BeforeMethod openMainPage -->
  <testcase name="@BeforeMethod openMainPage" time="0.0" classname="tests.mainPageTests.PhoneTest">
    <skipped/>
  </testcase> <!-- @BeforeMethod openMainPage -->
  <testcase name="@BeforeMethod openMainPage" time="0.0" classname="tests.mainPageTests.PhoneTest">
    <skipped/>
  </testcase> <!-- @BeforeMethod openMainPage -->
  <testcase name="@BeforeMethod openMainPage" time="0.0" classname="tests.mainPageTests.PhoneTest">
    <skipped/>
  </testcase> <!-- @BeforeMethod openMainPage -->
  <testcase name="@BeforeMethod openMainPage" time="0.0" classname="tests.mainPageTests.PhoneTest">
    <skipped/>
  </testcase> <!-- @BeforeMethod openMainPage -->
  <testcase name="@BeforeMethod openMainPage" time="0.0" classname="tests.mainPageTests.PhoneTest">
    <skipped/>
  </testcase> <!-- @BeforeMethod openMainPage -->
  <testcase name="@BeforeMethod openMainPage" time="0.0" classname="tests.mainPageTests.PhoneTest">
    <skipped/>
  </testcase> <!-- @BeforeMethod openMainPage -->
  <testcase name="@AfterClass authorizationOut" time="0.0" classname="tests.mainPageTests.PhoneTest">
    <skipped/>
  </testcase> <!-- @AfterClass authorizationOut -->
  <testcase name="@BeforeClass startWebSite" time="0.0" classname="tests.mainPageTests.ImageBlockTest">
    <skipped/>
  </testcase> <!-- @BeforeClass startWebSite -->
  <testcase name="@BeforeClass x_Login" time="0.0" classname="tests.mainPageTests.ImageBlockTest">
    <skipped/>
  </testcase> <!-- @BeforeClass x_Login -->
  <testcase name="@BeforeMethod openMainPage" time="0.0" classname="tests.mainPageTests.ImageBlockTest">
    <skipped/>
  </testcase> <!-- @BeforeMethod openMainPage -->
  <testcase name="@BeforeMethod openMainPage" time="0.0" classname="tests.mainPageTests.ImageBlockTest">
    <skipped/>
  </testcase> <!-- @BeforeMethod openMainPage -->
  <testcase name="@BeforeMethod openMainPage" time="0.0" classname="tests.mainPageTests.ImageBlockTest">
    <skipped/>
  </testcase> <!-- @BeforeMethod openMainPage -->
  <testcase name="@BeforeMethod openMainPage" time="0.0" classname="tests.mainPageTests.ImageBlockTest">
    <skipped/>
  </testcase> <!-- @BeforeMethod openMainPage -->
  <testcase name="@AfterClass authorizationOut" time="0.0" classname="tests.mainPageTests.ImageBlockTest">
    <skipped/>
  </testcase> <!-- @AfterClass authorizationOut -->
  <testcase name="" time="30.82" classname="tests.mainPageTests.BirthdayTest"/>
  <testcase name="" time="30.887" classname="tests.mainPageTests.BirthdayTest"/>
  <testcase name="" time="30.797" classname="tests.mainPageTests.BirthdayTest"/>
  <testcase name="" time="30.952" classname="tests.mainPageTests.BirthdayTest"/>
  <testcase name="" time="0.704" classname="tests.mainPageTests.BirthdayTest">
    <failure type="java.lang.AssertionError" message="Invalid text safe as birthdays!! expected [false] but found [true]">
      <![CDATA[java.lang.AssertionError: Invalid text safe as birthdays!! expected [false] but found [true]
	at tests.mainPageTests.BirthdayTest.changeBirthdayWithInvalidText(BirthdayTest.java:45)
	at runner.Runner.run(Runner.java:49)
	at runner.Runner.main(Runner.java:22)
	at org.codehaus.mojo.exec.ExecJavaMojo$1.run(ExecJavaMojo.java:282)
	at java.lang.Thread.run(Thread.java:748)
... Removed 28 stack frames]]>
    </failure>
  </testcase> <!--  -->
  <testcase name="" time="30.772" classname="tests.mainPageTests.BirthdayTest">
    <failure type="java.lang.AssertionError" message="Invalid text safe as birthdays!! expected [false] but found [true]">
      <![CDATA[java.lang.AssertionError: Invalid text safe as birthdays!! expected [false] but found [true]
	at tests.mainPageTests.BirthdayTest.changeBirthdayWithInvalidText(BirthdayTest.java:45)
	at runner.Runner.run(Runner.java:49)
	at runner.Runner.main(Runner.java:22)
	at org.codehaus.mojo.exec.ExecJavaMojo$1.run(ExecJavaMojo.java:282)
	at java.lang.Thread.run(Thread.java:748)
... Removed 28 stack frames]]>
    </failure>
  </testcase> <!--  -->
  <testcase name="" time="0.687" classname="tests.mainPageTests.BirthdayTest">
    <failure type="java.lang.AssertionError" message="Invalid text safe as birthdays!! expected [false] but found [true]">
      <![CDATA[java.lang.AssertionError: Invalid text safe as birthdays!! expected [false] but found [true]
	at tests.mainPageTests.BirthdayTest.changeBirthdayWithInvalidText(BirthdayTest.java:45)
	at runner.Runner.run(Runner.java:49)
	at runner.Runner.main(Runner.java:22)
	at org.codehaus.mojo.exec.ExecJavaMojo$1.run(ExecJavaMojo.java:282)
	at java.lang.Thread.run(Thread.java:748)
... Removed 28 stack frames]]>
    </failure>
  </testcase> <!--  -->
  <testcase name="" time="0.711" classname="tests.mainPageTests.BirthdayTest">
    <failure type="java.lang.AssertionError" message="Invalid text safe as birthdays!! expected [false] but found [true]">
      <![CDATA[java.lang.AssertionError: Invalid text safe as birthdays!! expected [false] but found [true]
	at tests.mainPageTests.BirthdayTest.changeBirthdayWithInvalidText(BirthdayTest.java:45)
	at runner.Runner.run(Runner.java:49)
	at runner.Runner.main(Runner.java:22)
	at org.codehaus.mojo.exec.ExecJavaMojo$1.run(ExecJavaMojo.java:282)
	at java.lang.Thread.run(Thread.java:748)
... Removed 28 stack frames]]>
    </failure>
  </testcase> <!--  -->
  <testcase name="" time="1.142" classname="tests.mainPageTests.NoteTest"/>
  <testcase name="" time="31.043" classname="tests.mainPageTests.NoteTest">
    <failure type="java.lang.AssertionError" message="The note with invalid text added in list expected [true] but found [false]">
      <![CDATA[java.lang.AssertionError: The note with invalid text added in list expected [true] but found [false]
	at tests.mainPageTests.NoteTest.addNoteWithInvalidText(NoteTest.java:40)
	at runner.Runner.run(Runner.java:49)
	at runner.Runner.main(Runner.java:22)
	at org.codehaus.mojo.exec.ExecJavaMojo$1.run(ExecJavaMojo.java:282)
	at java.lang.Thread.run(Thread.java:748)
... Removed 28 stack frames]]>
    </failure>
  </testcase> <!--  -->
  <testcase name="" time="1.033" classname="tests.mainPageTests.NoteTest">
    <failure type="java.lang.AssertionError" message="The note with invalid text added in list expected [true] but found [false]">
      <![CDATA[java.lang.AssertionError: The note with invalid text added in list expected [true] but found [false]
	at tests.mainPageTests.NoteTest.addNoteWithInvalidText(NoteTest.java:40)
	at runner.Runner.run(Runner.java:49)
	at runner.Runner.main(Runner.java:22)
	at org.codehaus.mojo.exec.ExecJavaMojo$1.run(ExecJavaMojo.java:282)
	at java.lang.Thread.run(Thread.java:748)
... Removed 28 stack frames]]>
    </failure>
  </testcase> <!--  -->
  <testcase name="" time="1.57" classname="tests.mainPageTests.NoteTest">
    <failure type="java.lang.AssertionError" message="The note on main page didn&amp;apos;t delete from list expected [true] but found [false]">
      <![CDATA[java.lang.AssertionError: The note on main page didn't delete from list expected [true] but found [false]
	at tests.mainPageTests.NoteTest.deleteNote(NoteTest.java:51)
	at runner.Runner.run(Runner.java:49)
	at runner.Runner.main(Runner.java:22)
	at org.codehaus.mojo.exec.ExecJavaMojo$1.run(ExecJavaMojo.java:282)
	at java.lang.Thread.run(Thread.java:748)
... Removed 28 stack frames]]>
    </failure>
  </testcase> <!--  -->
  <testcase name="" time="30.824" classname="tests.mainPageTests.MainPageTest"/>
  <testcase name="" time="0.704" classname="tests.mainPageTests.MainPageTest"/>
  <testcase name="" time="0.765" classname="tests.mainPageTests.MainPageTest"/>
  <testcase name="" time="2.787" classname="tests.mainPageTests.MainPageTest"/>
  <testcase name="" time="2.352" classname="tests.mainPageTests.MainPageTest"/>
  <testcase name="" time="2.139" classname="tests.mainPageTests.MainPageTest"/>
  <testcase name="" time="12.079" classname="tests.mainPageTests.MainPageTest">
    <failure type="java.lang.AssertionError" message="Message error isn&amp;apos;t displayed expected [true] but found [false]">
      <![CDATA[java.lang.AssertionError: Message error isn't displayed expected [true] but found [false]
	at tests.mainPageTests.MainPageTest.changeEmailWithInvalidText(MainPageTest.java:70)
	at runner.Runner.run(Runner.java:49)
	at runner.Runner.main(Runner.java:22)
	at org.codehaus.mojo.exec.ExecJavaMojo$1.run(ExecJavaMojo.java:282)
	at java.lang.Thread.run(Thread.java:748)
... Removed 28 stack frames]]>
    </failure>
  </testcase> <!--  -->
  <testcase name="" time="0.069" classname="tests.mainPageTests.MainPageTest"/>
  <testcase name="" time="0.046" classname="tests.mainPageTests.MainPageTest"/>
  <testcase name="" time="3.313" classname="tests.mainPageTests.NewsTest"/>
  <testcase name="" time="33.165" classname="tests.mainPageTests.NewsTest">
    <failure type="java.lang.AssertionError" message="Message with invalid text sent! Karl!! expected [true] but found [false]">
      <![CDATA[java.lang.AssertionError: Message with invalid text sent! Karl!! expected [true] but found [false]
	at tests.mainPageTests.NewsTest.commentNewsWithInvalidMessage(NewsTest.java:41)
	at runner.Runner.run(Runner.java:49)
	at runner.Runner.main(Runner.java:22)
	at org.codehaus.mojo.exec.ExecJavaMojo$1.run(ExecJavaMojo.java:282)
	at java.lang.Thread.run(Thread.java:748)
... Removed 28 stack frames]]>
    </failure>
  </testcase> <!--  -->
  <testcase name="" time="3.531" classname="tests.mainPageTests.NewsTest">
    <failure type="java.lang.AssertionError" message="Message with invalid text sent! Karl!! expected [true] but found [false]">
      <![CDATA[java.lang.AssertionError: Message with invalid text sent! Karl!! expected [true] but found [false]
	at tests.mainPageTests.NewsTest.commentNewsWithInvalidMessage(NewsTest.java:41)
	at runner.Runner.run(Runner.java:49)
	at runner.Runner.main(Runner.java:22)
	at org.codehaus.mojo.exec.ExecJavaMojo$1.run(ExecJavaMojo.java:282)
	at java.lang.Thread.run(Thread.java:748)
... Removed 28 stack frames]]>
    </failure>
  </testcase> <!--  -->
  <testcase name="" time="0.001" classname="tests.mainPageTests.PhoneTest">
    <skipped/>
  </testcase> <!--  -->
  <testcase name="" time="0.0" classname="tests.mainPageTests.PhoneTest">
    <skipped/>
  </testcase> <!--  -->
  <testcase name="" time="0.0" classname="tests.mainPageTests.PhoneTest">
    <skipped/>
  </testcase> <!--  -->
  <testcase name="" time="0.0" classname="tests.mainPageTests.PhoneTest">
    <skipped/>
  </testcase> <!--  -->
  <testcase name="" time="0.0" classname="tests.mainPageTests.PhoneTest">
    <skipped/>
  </testcase> <!--  -->
  <testcase name="" time="0.0" classname="tests.mainPageTests.PhoneTest">
    <skipped/>
  </testcase> <!--  -->
  <testcase name="" time="0.0" classname="tests.mainPageTests.PhoneTest">
    <skipped/>
  </testcase> <!--  -->
  <testcase name="" time="0.0" classname="tests.mainPageTests.ImageBlockTest">
    <skipped/>
  </testcase> <!--  -->
  <testcase name="" time="0.0" classname="tests.mainPageTests.ImageBlockTest">
    <skipped/>
  </testcase> <!--  -->
  <testcase name="" time="0.0" classname="tests.mainPageTests.ImageBlockTest">
    <skipped/>
  </testcase> <!--  -->
  <testcase name="" time="0.0" classname="tests.mainPageTests.ImageBlockTest">
    <skipped/>
  </testcase> <!--  -->
  <testcase name="_deleteImage" time="0.0" classname="tests.mainPageTests.ImageBlockTest">
    <skipped/>
  </testcase> <!-- _deleteImage -->
</testsuite> <!-- Main page testing -->
