<?xml version="1.0" encoding="UTF-8"?>
<!-- Generated by org.testng.reporters.JUnitXMLReporter -->
<testsuite hostname="EPRUSARW1003" name="Other testing" tests="7" failures="0" timestamp="31 May 2018 09:22:55 GMT" time="110.464" errors="0">
  <testcase name="@AfterMethod openLoginPage" time="0.0" classname="tests.PasswordRecoveryTest">
    <failure type="org.openqa.selenium.NoSuchElementException" message="no such element: Unable to locate element: {&amp;quot;method&amp;quot;:&amp;quot;xpath&amp;quot;,&amp;quot;selector&amp;quot;:&amp;quot;//a[@class=&amp;apos;link-back&amp;apos;]&amp;quot;}
  (Session info: chrome=66.0.3359.181)
  (Driver info: chromedriver=2.38.552522 (437e6fbedfa8762dec75e2c5b3ddb86763dc9dcb),platform=Windows NT 10.0.16299 x86_64) (WARNING: The server did not provide any stacktrace information)
Command duration or timeout: 0 milliseconds
For documentation on this error, please visit: http://seleniumhq.org/exceptions/no_such_element.html
Build info: version: &amp;apos;3.5.3&amp;apos;, revision: &amp;apos;a88d25fe6b&amp;apos;, time: &amp;apos;2017-08-29T12:42:44.417Z&amp;apos;
System info: host: &amp;apos;EPRUSARW1003&amp;apos;, ip: &amp;apos;10.11.14.128&amp;apos;, os.name: &amp;apos;Windows 10&amp;apos;, os.arch: &amp;apos;amd64&amp;apos;, os.version: &amp;apos;10.0&amp;apos;, java.version: &amp;apos;1.8.0_161&amp;apos;
Driver info: org.openqa.selenium.chrome.ChromeDriver
Capabilities [{mobileEmulationEnabled=false, hasTouchScreen=false, platform=XP, acceptSslCerts=false, acceptInsecureCerts=false, webStorageEnabled=true, browserName=chrome, takesScreenshot=true, javascriptEnabled=true, platformName=XP, setWindowRect=true, unexpectedAlertBehaviour=, applicationCacheEnabled=false, rotatable=false, networkConnectionEnabled=false, chrome={chromedriverVersion=2.38.552522 (437e6fbedfa8762dec75e2c5b3ddb86763dc9dcb), userDataDir=C:\Users\MARIIA~1\AppData\Local\Temp\scoped_dir22324_32267}, takesHeapSnapshot=true, pageLoadStrategy=normal, unhandledPromptBehavior=, databaseEnabled=false, handlesAlerts=true, version=66.0.3359.181, browserConnectionEnabled=false, nativeEvents=true, locationContextEnabled=true, cssSelectorsEnabled=true}]
Session ID: 71ce14662d4b770ef059e60409e44f2d
*** Element info: {Using=xpath, value=//a[@class=&amp;apos;link-back&amp;apos;]}">
      <![CDATA[org.openqa.selenium.NoSuchElementException: no such element: Unable to locate element: {"method":"xpath","selector":"//a[@class='link-back']"}
  (Session info: chrome=66.0.3359.181)
  (Driver info: chromedriver=2.38.552522 (437e6fbedfa8762dec75e2c5b3ddb86763dc9dcb),platform=Windows NT 10.0.16299 x86_64) (WARNING: The server did not provide any stacktrace information)
Command duration or timeout: 0 milliseconds
For documentation on this error, please visit: http://seleniumhq.org/exceptions/no_such_element.html
Build info: version: '3.5.3', revision: 'a88d25fe6b', time: '2017-08-29T12:42:44.417Z'
System info: host: 'EPRUSARW1003', ip: '10.11.14.128', os.name: 'Windows 10', os.arch: 'amd64', os.version: '10.0', java.version: '1.8.0_161'
Driver info: org.openqa.selenium.chrome.ChromeDriver
Capabilities [{mobileEmulationEnabled=false, hasTouchScreen=false, platform=XP, acceptSslCerts=false, acceptInsecureCerts=false, webStorageEnabled=true, browserName=chrome, takesScreenshot=true, javascriptEnabled=true, platformName=XP, setWindowRect=true, unexpectedAlertBehaviour=, applicationCacheEnabled=false, rotatable=false, networkConnectionEnabled=false, chrome={chromedriverVersion=2.38.552522 (437e6fbedfa8762dec75e2c5b3ddb86763dc9dcb), userDataDir=C:\Users\MARIIA~1\AppData\Local\Temp\scoped_dir22324_32267}, takesHeapSnapshot=true, pageLoadStrategy=normal, unhandledPromptBehavior=, databaseEnabled=false, handlesAlerts=true, version=66.0.3359.181, browserConnectionEnabled=false, nativeEvents=true, locationContextEnabled=true, cssSelectorsEnabled=true}]
Session ID: 71ce14662d4b770ef059e60409e44f2d
*** Element info: {Using=xpath, value=//a[@class='link-back']}
	at org.openqa.selenium.remote.ErrorHandler.createThrowable(ErrorHandler.java:215)
	at org.openqa.selenium.remote.ErrorHandler.throwIfResponseFailed(ErrorHandler.java:167)
	at org.openqa.selenium.remote.http.JsonHttpResponseCodec.reconstructValue(JsonHttpResponseCodec.java:40)
	at org.openqa.selenium.remote.http.AbstractHttpResponseCodec.decode(AbstractHttpResponseCodec.java:82)
	at org.openqa.selenium.remote.http.AbstractHttpResponseCodec.decode(AbstractHttpResponseCodec.java:45)
	at org.openqa.selenium.remote.HttpCommandExecutor.execute(HttpCommandExecutor.java:164)
	at org.openqa.selenium.remote.service.DriverCommandExecutor.execute(DriverCommandExecutor.java:82)
	at org.openqa.selenium.remote.RemoteWebDriver.execute(RemoteWebDriver.java:646)
	at org.openqa.selenium.remote.RemoteWebDriver.findElement(RemoteWebDriver.java:416)
	at org.openqa.selenium.remote.RemoteWebDriver.findElementByXPath(RemoteWebDriver.java:518)
	at org.openqa.selenium.By$ByXPath.findElement(By.java:361)
	at org.openqa.selenium.remote.RemoteWebDriver.findElement(RemoteWebDriver.java:408)
	at org.openqa.selenium.support.events.EventFiringWebDriver$2.invoke(EventFiringWebDriver.java:105)
	at com.sun.proxy.$Proxy32.findElement(Unknown Source)
	at org.openqa.selenium.support.events.EventFiringWebDriver.findElement(EventFiringWebDriver.java:189)
	at org.openqa.selenium.support.pagefactory.DefaultElementLocator.findElement(DefaultElementLocator.java:69)
	at org.openqa.selenium.support.pagefactory.internal.LocatingElementHandler.invoke(LocatingElementHandler.java:38)
	at com.sun.proxy.$Proxy35.click(Unknown Source)
	at ui.PasswordRecoveryPage.clickBtnBack(PasswordRecoveryPage.java:41)
	at tests.PasswordRecoveryTest.openLoginPage(PasswordRecoveryTest.java:52)
	at runner.Runner.run(Runner.java:49)
	at runner.Runner.main(Runner.java:22)
	at org.codehaus.mojo.exec.ExecJavaMojo$1.run(ExecJavaMojo.java:282)
	at java.lang.Thread.run(Thread.java:748)
... Removed 34 stack frames]]>
    </failure>
  </testcase> <!-- @AfterMethod openLoginPage -->
  <testcase name="@BeforeMethod openRecoveryPassword" time="0.0" classname="tests.PasswordRecoveryTest">
    <skipped/>
  </testcase> <!-- @BeforeMethod openRecoveryPassword -->
  <testcase name="@AfterMethod openLoginPage" time="0.0" classname="tests.PasswordRecoveryTest">
    <skipped/>
  </testcase> <!-- @AfterMethod openLoginPage -->
  <testcase name="@BeforeMethod openRecoveryPassword" time="0.0" classname="tests.PasswordRecoveryTest">
    <skipped/>
  </testcase> <!-- @BeforeMethod openRecoveryPassword -->
  <testcase name="@AfterMethod openLoginPage" time="0.0" classname="tests.PasswordRecoveryTest">
    <skipped/>
  </testcase> <!-- @AfterMethod openLoginPage -->
  <testcase name="@BeforeMethod openRecoveryPassword" time="0.0" classname="tests.PasswordRecoveryTest">
    <skipped/>
  </testcase> <!-- @BeforeMethod openRecoveryPassword -->
  <testcase name="@AfterMethod openLoginPage" time="0.0" classname="tests.PasswordRecoveryTest">
    <skipped/>
  </testcase> <!-- @AfterMethod openLoginPage -->
  <testcase name="@AfterClass authorizationOut" time="0.0" classname="tests.PasswordRecoveryTest">
    <skipped/>
  </testcase> <!-- @AfterClass authorizationOut -->
  <testcase name="" time="31.181" classname="tests.LoginTest"/>
  <testcase name="" time="31.034" classname="tests.LoginTest"/>
  <testcase name="" time="30.905" classname="tests.LoginTest"/>
  <testcase name="" time="0.67" classname="tests.PasswordRecoveryTest"/>
  <testcase name="" time="0.0" classname="tests.PasswordRecoveryTest">
    <skipped/>
  </testcase> <!--  -->
  <testcase name="" time="0.0" classname="tests.PasswordRecoveryTest">
    <skipped/>
  </testcase> <!--  -->
  <testcase name="" time="0.0" classname="tests.PasswordRecoveryTest">
    <skipped/>
  </testcase> <!--  -->
</testsuite> <!-- Other testing -->
