<html>
<head>
<title>TestNG:  Other testing</title>
<link href="../testng.css" rel="stylesheet" type="text/css" />
<link href="../my-testng.css" rel="stylesheet" type="text/css" />

<style type="text/css">
.log { display: none;} 
.stack-trace { display: none;} 
</style>
<script type="text/javascript">
<!--
function flip(e) {
  current = e.style.display;
  if (current == 'block') {
    e.style.display = 'none';
    return 0;
  }
  else {
    e.style.display = 'block';
    return 1;
  }
}

function toggleBox(szDivId, elem, msg1, msg2)
{
  var res = -1;  if (document.getElementById) {
    res = flip(document.getElementById(szDivId));
  }
  else if (document.all) {
    // this is the way old msie versions work
    res = flip(document.all[szDivId]);
  }
  if(elem) {
    if(res == 0) elem.innerHTML = msg1; else elem.innerHTML = msg2;
  }

}

function toggleAllBoxes() {
  if (document.getElementsByTagName) {
    d = document.getElementsByTagName('div');
    for (i = 0; i < d.length; i++) {
      if (d[i].className == 'log') {
        flip(d[i]);
      }
    }
  }
}

// -->
</script>

</head>
<body>
<h2 align='center'>Other testing</h2><table border='1' align="center">
<tr>
<td>Tests passed/Failed/Skipped:</td><td>4/0/3</td>
</tr><tr>
<td>Started on:</td><td>Thu May 31 13:21:05 GMT+04:00 2018</td>
</tr>
<tr><td>Total time:</td><td>110 seconds (110464 ms)</td>
</tr><tr>
<td>Included groups:</td><td></td>
</tr><tr>
<td>Excluded groups:</td><td></td>
</tr>
</table><p/>
<small><i>(Hover the method name to see the test class name)</i></small><p/>
<table width='100%' border='1' class='invocation-failed'>
<tr><td colspan='4' align='center'><b>FAILED CONFIGURATIONS</b></td></tr>
<tr><td><b>Test method</b></td>
<td width="30%"><b>Exception</b></td>
<td width="10%"><b>Time (seconds)</b></td>
<td><b>Instance</b></td>
</tr>
<tr>
<td title='tests.PasswordRecoveryTest.openLoginPage()'><b>openLoginPage</b><br>Test class: tests.PasswordRecoveryTest ()<br/>
<a href="#Output-157238856" onClick='toggleBox("Output-157238856", this, "Show output", "Hide output");'>Show output</a>

<a href="#Output-157238856" onClick="toggleAllBoxes();">Show all outputs</a>
<div class='log' id="Output-157238856">
2018-05-31 13:22:43 INFO  PasswordRecoveryTest:51 - AfterMethod openLoginPage
<br/>
2018-05-31 13:22:43 INFO  PasswordRecoveryPage:40 - clickBtnBack
<br/>
</div>
</td>
<td><div><pre>org.openqa.selenium.NoSuchElementException: no such element: Unable to locate element: {&quot;method&quot;:&quot;xpath&quot;,&quot;selector&quot;:&quot;//a[@class=&apos;link-back&apos;]&quot;}
  (Session info: chrome=66.0.3359.181)
  (Driver info: chromedriver=2.38.552522 (437e6fbedfa8762dec75e2c5b3ddb86763dc9dcb),platform=Windows NT 10.0.16299 x86_64) (WARNING: The server did not provide any stacktrace information)
Command duration or timeout: 0 milliseconds
For documentation on this error, please visit: http://seleniumhq.org/exceptions/no_such_element.html
Build info: version: &apos;3.5.3&apos;, revision: &apos;a88d25fe6b&apos;, time: &apos;2017-08-29T12:42:44.417Z&apos;
System info: host: &apos;EPRUSARW1003&apos;, ip: &apos;10.11.14.128&apos;, os.name: &apos;Windows 10&apos;, os.arch: &apos;amd64&apos;, os.version: &apos;10.0&apos;, java.version: &apos;1.8.0_161&apos;
Driver info: org.openqa.selenium.chrome.ChromeDriver
Capabilities [{mobileEmulationEnabled=false, hasTouchScreen=false, platform=XP, acceptSslCerts=false, acceptInsecureCerts=false, webStorageEnabled=true, browserName=chrome, takesScreenshot=true, javascriptEnabled=true, platformName=XP, setWindowRect=true, unexpectedAlertBehaviour=, applicationCacheEnabled=false, rotatable=false, networkConnectionEnabled=false, chrome={chromedriverVersion=2.38.552522 (437e6fbedfa8762dec75e2c5b3ddb86763dc9dcb), userDataDir=C:\Users\MARIIA~1\AppData\Local\Temp\scoped_dir22324_32267}, takesHeapSnapshot=true, pageLoadStrategy=normal, unhandledPromptBehavior=, databaseEnabled=false, handlesAlerts=true, version=66.0.3359.181, browserConnectionEnabled=false, nativeEvents=true, locationContextEnabled=true, cssSelectorsEnabled=true}]
Session ID: 71ce14662d4b770ef059e60409e44f2d
*** Element info: {Using=xpath, value=//a[@class=&apos;link-back&apos;]}
	at org.openqa.selenium.remote.ErrorHandler.createThrowable(ErrorHandler.java:215)
	at org.openqa.selenium.remote.ErrorHandler.throwIfResponseFailed(ErrorHandler.java:167)
	at org.openqa.selenium.remote.http.JsonHttpResponseCodec.reconstructValue(JsonHttpResponseCodec.java:40)
	at org.openqa.selenium.remote.http.AbstractHttpResponseCodec.decode(AbstractHttpResponseCodec.java:82)
	at org.openqa.selenium.remote.http.AbstractHttpResponseCodec.decode(AbstractHttpResponseCodec.java:45)
	at org.openqa.selenium.remote.HttpCommandExecutor.execute(HttpCommandExecutor.java:164)
	at org.openqa.selenium.remote.service.DriverCommandExecutor.execute(DriverCommandExecutor.java:82)
	at org.openqa.selenium.remote.RemoteWebDriver.execute(RemoteWebDriver.java:646)
	at org.openqa.selenium.remote.RemoteWebDriver.findElement(RemoteWebDriver.java:416)
	at org.openqa.selenium.remote.RemoteWebDriver.findElementByXPath(RemoteWebDriver.java:518)
	at org.openqa.selenium.By$ByXPath.findElement(By.java:361)
	at org.openqa.selenium.remote.RemoteWebDriver.findElement(RemoteWebDriver.java:408)
	at org.openqa.selenium.support.events.EventFiringWebDriver$2.invoke(EventFiringWebDriver.java:105)
	at com.sun.proxy.$Proxy32.findElement(Unknown Source)
	at org.openqa.selenium.support.events.EventFiringWebDriver.findElement(EventFiringWebDriver.java:189)
	at org.openqa.selenium.support.pagefactory.DefaultElementLocator.findElement(DefaultElementLocator.java:69)
	at org.openqa.selenium.support.pagefactory.internal.LocatingElementHandler.invoke(LocatingElementHandler.java:38)
	at com.sun.proxy.$Proxy35.click(Unknown Source)
	at ui.PasswordRecoveryPage.clickBtnBack(PasswordRecoveryPage.java:41)
	at tests.PasswordRecoveryTest.openLoginPage(PasswordRecoveryTest.java:52)
	at runner.Runner.run(Runner.java:49)
	at runner.Runner.main(Runner.java:22)
	at org.codehaus.mojo.exec.ExecJavaMojo$1.run(ExecJavaMojo.java:282)
	at java.lang.Thread.run(Thread.java:748)
... Removed 34 stack frames</pre></div><a href='#' onClick='toggleBox("stack-trace157238856", this, "Click to show all stack frames", "Click to hide stack frames")'>Click to show all stack frames</a>
<div class='stack-trace' id='stack-trace157238856'><pre>org.openqa.selenium.NoSuchElementException: no such element: Unable to locate element: {&quot;method&quot;:&quot;xpath&quot;,&quot;selector&quot;:&quot;//a[@class=&apos;link-back&apos;]&quot;}
  (Session info: chrome=66.0.3359.181)
  (Driver info: chromedriver=2.38.552522 (437e6fbedfa8762dec75e2c5b3ddb86763dc9dcb),platform=Windows NT 10.0.16299 x86_64) (WARNING: The server did not provide any stacktrace information)
Command duration or timeout: 0 milliseconds
For documentation on this error, please visit: http://seleniumhq.org/exceptions/no_such_element.html
Build info: version: &apos;3.5.3&apos;, revision: &apos;a88d25fe6b&apos;, time: &apos;2017-08-29T12:42:44.417Z&apos;
System info: host: &apos;EPRUSARW1003&apos;, ip: &apos;10.11.14.128&apos;, os.name: &apos;Windows 10&apos;, os.arch: &apos;amd64&apos;, os.version: &apos;10.0&apos;, java.version: &apos;1.8.0_161&apos;
Driver info: org.openqa.selenium.chrome.ChromeDriver
Capabilities [{mobileEmulationEnabled=false, hasTouchScreen=false, platform=XP, acceptSslCerts=false, acceptInsecureCerts=false, webStorageEnabled=true, browserName=chrome, takesScreenshot=true, javascriptEnabled=true, platformName=XP, setWindowRect=true, unexpectedAlertBehaviour=, applicationCacheEnabled=false, rotatable=false, networkConnectionEnabled=false, chrome={chromedriverVersion=2.38.552522 (437e6fbedfa8762dec75e2c5b3ddb86763dc9dcb), userDataDir=C:\Users\MARIIA~1\AppData\Local\Temp\scoped_dir22324_32267}, takesHeapSnapshot=true, pageLoadStrategy=normal, unhandledPromptBehavior=, databaseEnabled=false, handlesAlerts=true, version=66.0.3359.181, browserConnectionEnabled=false, nativeEvents=true, locationContextEnabled=true, cssSelectorsEnabled=true}]
Session ID: 71ce14662d4b770ef059e60409e44f2d
*** Element info: {Using=xpath, value=//a[@class=&apos;link-back&apos;]}
	at sun.reflect.NativeConstructorAccessorImpl.newInstance0(Native Method)
	at sun.reflect.NativeConstructorAccessorImpl.newInstance(NativeConstructorAccessorImpl.java:62)
	at sun.reflect.DelegatingConstructorAccessorImpl.newInstance(DelegatingConstructorAccessorImpl.java:45)
	at java.lang.reflect.Constructor.newInstance(Constructor.java:423)
	at org.openqa.selenium.remote.ErrorHandler.createThrowable(ErrorHandler.java:215)
	at org.openqa.selenium.remote.ErrorHandler.throwIfResponseFailed(ErrorHandler.java:167)
	at org.openqa.selenium.remote.http.JsonHttpResponseCodec.reconstructValue(JsonHttpResponseCodec.java:40)
	at org.openqa.selenium.remote.http.AbstractHttpResponseCodec.decode(AbstractHttpResponseCodec.java:82)
	at org.openqa.selenium.remote.http.AbstractHttpResponseCodec.decode(AbstractHttpResponseCodec.java:45)
	at org.openqa.selenium.remote.HttpCommandExecutor.execute(HttpCommandExecutor.java:164)
	at org.openqa.selenium.remote.service.DriverCommandExecutor.execute(DriverCommandExecutor.java:82)
	at org.openqa.selenium.remote.RemoteWebDriver.execute(RemoteWebDriver.java:646)
	at org.openqa.selenium.remote.RemoteWebDriver.findElement(RemoteWebDriver.java:416)
	at org.openqa.selenium.remote.RemoteWebDriver.findElementByXPath(RemoteWebDriver.java:518)
	at org.openqa.selenium.By$ByXPath.findElement(By.java:361)
	at org.openqa.selenium.remote.RemoteWebDriver.findElement(RemoteWebDriver.java:408)
	at sun.reflect.GeneratedMethodAccessor21.invoke(Unknown Source)
	at sun.reflect.DelegatingMethodAccessorImpl.invoke(DelegatingMethodAccessorImpl.java:43)
	at java.lang.reflect.Method.invoke(Method.java:498)
	at org.openqa.selenium.support.events.EventFiringWebDriver$2.invoke(EventFiringWebDriver.java:105)
	at com.sun.proxy.$Proxy32.findElement(Unknown Source)
	at org.openqa.selenium.support.events.EventFiringWebDriver.findElement(EventFiringWebDriver.java:189)
	at org.openqa.selenium.support.pagefactory.DefaultElementLocator.findElement(DefaultElementLocator.java:69)
	at org.openqa.selenium.support.pagefactory.internal.LocatingElementHandler.invoke(LocatingElementHandler.java:38)
	at com.sun.proxy.$Proxy35.click(Unknown Source)
	at ui.PasswordRecoveryPage.clickBtnBack(PasswordRecoveryPage.java:41)
	at tests.PasswordRecoveryTest.openLoginPage(PasswordRecoveryTest.java:52)
	at sun.reflect.NativeMethodAccessorImpl.invoke0(Native Method)
	at sun.reflect.NativeMethodAccessorImpl.invoke(NativeMethodAccessorImpl.java:62)
	at sun.reflect.DelegatingMethodAccessorImpl.invoke(DelegatingMethodAccessorImpl.java:43)
	at java.lang.reflect.Method.invoke(Method.java:498)
	at org.testng.internal.MethodInvocationHelper.invokeMethod(MethodInvocationHelper.java:86)
	at org.testng.internal.Invoker.invokeConfigurationMethod(Invoker.java:514)
	at org.testng.internal.Invoker.invokeConfigurations(Invoker.java:215)
	at org.testng.internal.Invoker.invokeMethod(Invoker.java:707)
	at org.testng.internal.Invoker.invokeTestMethod(Invoker.java:820)
	at org.testng.internal.Invoker.invokeTestMethods(Invoker.java:1128)
	at org.testng.internal.TestMethodWorker.invokeTestMethods(TestMethodWorker.java:129)
	at org.testng.internal.TestMethodWorker.run(TestMethodWorker.java:112)
	at org.testng.TestRunner.privateRun(TestRunner.java:782)
	at org.testng.TestRunner.run(TestRunner.java:632)
	at org.testng.SuiteRunner.runTest(SuiteRunner.java:366)
	at org.testng.SuiteRunner.runSequentially(SuiteRunner.java:361)
	at org.testng.SuiteRunner.privateRun(SuiteRunner.java:319)
	at org.testng.SuiteRunner.run(SuiteRunner.java:268)
	at org.testng.SuiteRunnerWorker.runSuite(SuiteRunnerWorker.java:52)
	at org.testng.SuiteRunnerWorker.run(SuiteRunnerWorker.java:86)
	at org.testng.TestNG.runSuitesSequentially(TestNG.java:1244)
	at org.testng.TestNG.runSuitesLocally(TestNG.java:1169)
	at org.testng.TestNG.run(TestNG.java:1064)
	at runner.Runner.run(Runner.java:49)
	at runner.Runner.main(Runner.java:22)
	at sun.reflect.NativeMethodAccessorImpl.invoke0(Native Method)
	at sun.reflect.NativeMethodAccessorImpl.invoke(NativeMethodAccessorImpl.java:62)
	at sun.reflect.DelegatingMethodAccessorImpl.invoke(DelegatingMethodAccessorImpl.java:43)
	at java.lang.reflect.Method.invoke(Method.java:498)
	at org.codehaus.mojo.exec.ExecJavaMojo$1.run(ExecJavaMojo.java:282)
	at java.lang.Thread.run(Thread.java:748)
</pre></div></td>
<td>0</td>
<td>tests.PasswordRecoveryTest@175b24ae</td></tr>
</table><p>
<table width='100%' border='1' class='invocation-skipped'>
<tr><td colspan='4' align='center'><b>SKIPPED CONFIGURATIONS</b></td></tr>
<tr><td><b>Test method</b></td>
<td width="30%"><b>Exception</b></td>
<td width="10%"><b>Time (seconds)</b></td>
<td><b>Instance</b></td>
</tr>
<tr>
<td title='tests.PasswordRecoveryTest.openRecoveryPassword()'><b>openRecoveryPassword</b><br>Test class: tests.PasswordRecoveryTest ()</td>
<td></td>
<td>0</td>
<td>tests.PasswordRecoveryTest@175b24ae</td></tr>
<tr>
<td title='tests.PasswordRecoveryTest.openRecoveryPassword()'><b>openRecoveryPassword</b><br>Test class: tests.PasswordRecoveryTest ()</td>
<td></td>
<td>0</td>
<td>tests.PasswordRecoveryTest@175b24ae</td></tr>
<tr>
<td title='tests.PasswordRecoveryTest.openRecoveryPassword()'><b>openRecoveryPassword</b><br>Test class: tests.PasswordRecoveryTest ()</td>
<td></td>
<td>0</td>
<td>tests.PasswordRecoveryTest@175b24ae</td></tr>
<tr>
<td title='tests.PasswordRecoveryTest.openLoginPage()'><b>openLoginPage</b><br>Test class: tests.PasswordRecoveryTest ()</td>
<td></td>
<td>0</td>
<td>tests.PasswordRecoveryTest@175b24ae</td></tr>
<tr>
<td title='tests.PasswordRecoveryTest.openLoginPage()'><b>openLoginPage</b><br>Test class: tests.PasswordRecoveryTest ()</td>
<td></td>
<td>0</td>
<td>tests.PasswordRecoveryTest@175b24ae</td></tr>
<tr>
<td title='tests.PasswordRecoveryTest.openLoginPage()'><b>openLoginPage</b><br>Test class: tests.PasswordRecoveryTest ()</td>
<td></td>
<td>0</td>
<td>tests.PasswordRecoveryTest@175b24ae</td></tr>
<tr>
<td title='tests.PasswordRecoveryTest.authorizationOut()'><b>authorizationOut</b><br>Test class: tests.PasswordRecoveryTest ()</td>
<td></td>
<td>0</td>
<td>tests.PasswordRecoveryTest@175b24ae</td></tr>
</table><p>
<table width='100%' border='1' class='invocation-passed'>
<tr><td colspan='4' align='center'><b>PASSED TESTS</b></td></tr>
<tr><td><b>Test method</b></td>
<td width="30%"><b>Exception</b></td>
<td width="10%"><b>Time (seconds)</b></td>
<td><b>Instance</b></td>
</tr>
<tr>
<td title='tests.LoginTest.loginFalse_and_PasswordFalse()'><b>loginFalse_and_PasswordFalse</b><br>Test class: tests.LoginTest ()<br/>
<a href="#Output-418879611" onClick='toggleBox("Output-418879611", this, "Show output", "Hide output");'>Show output</a>

<a href="#Output-418879611" onClick="toggleAllBoxes();">Show all outputs</a>
<div class='log' id="Output-418879611">
2018-05-31 13:21:09 INFO  LoginTest:38 - TC_CPT_2.1.3 loginFalse_and_PasswordFalse
<br/>
2018-05-31 13:21:40 WARN  MainPage:218 - isMainPage false
<br/>
2018-05-31 13:21:40 WARN  LoginPage:42 - Username or password is incorrect: x_Login-masha@yandex.ru, password- 1.11217
<br/>
</div>
</td>
<td><div><pre>exceptions.UsernameOrPasswordIsIncorrect: Username or password is incorrect: x_Login-masha@yandex.ru, password-1.11217
	at ui.LoginPage.login(LoginPage.java:44)
	at tests.LoginTest.loginFalse_and_PasswordFalse(LoginTest.java:39)
	at runner.Runner.run(Runner.java:49)
	at runner.Runner.main(Runner.java:22)
	at org.codehaus.mojo.exec.ExecJavaMojo$1.run(ExecJavaMojo.java:282)
	at java.lang.Thread.run(Thread.java:748)
... Removed 25 stack frames</pre></div><a href='#' onClick='toggleBox("stack-trace418879611", this, "Click to show all stack frames", "Click to hide stack frames")'>Click to show all stack frames</a>
<div class='stack-trace' id='stack-trace418879611'><pre>exceptions.UsernameOrPasswordIsIncorrect: Username or password is incorrect: x_Login-masha@yandex.ru, password-1.11217
	at ui.LoginPage.login(LoginPage.java:44)
	at tests.LoginTest.loginFalse_and_PasswordFalse(LoginTest.java:39)
	at sun.reflect.NativeMethodAccessorImpl.invoke0(Native Method)
	at sun.reflect.NativeMethodAccessorImpl.invoke(NativeMethodAccessorImpl.java:62)
	at sun.reflect.DelegatingMethodAccessorImpl.invoke(DelegatingMethodAccessorImpl.java:43)
	at java.lang.reflect.Method.invoke(Method.java:498)
	at org.testng.internal.MethodInvocationHelper.invokeMethod(MethodInvocationHelper.java:86)
	at org.testng.internal.Invoker.invokeMethod(Invoker.java:643)
	at org.testng.internal.Invoker.invokeTestMethod(Invoker.java:820)
	at org.testng.internal.Invoker.invokeTestMethods(Invoker.java:1128)
	at org.testng.internal.TestMethodWorker.invokeTestMethods(TestMethodWorker.java:129)
	at org.testng.internal.TestMethodWorker.run(TestMethodWorker.java:112)
	at org.testng.TestRunner.privateRun(TestRunner.java:782)
	at org.testng.TestRunner.run(TestRunner.java:632)
	at org.testng.SuiteRunner.runTest(SuiteRunner.java:366)
	at org.testng.SuiteRunner.runSequentially(SuiteRunner.java:361)
	at org.testng.SuiteRunner.privateRun(SuiteRunner.java:319)
	at org.testng.SuiteRunner.run(SuiteRunner.java:268)
	at org.testng.SuiteRunnerWorker.runSuite(SuiteRunnerWorker.java:52)
	at org.testng.SuiteRunnerWorker.run(SuiteRunnerWorker.java:86)
	at org.testng.TestNG.runSuitesSequentially(TestNG.java:1244)
	at org.testng.TestNG.runSuitesLocally(TestNG.java:1169)
	at org.testng.TestNG.run(TestNG.java:1064)
	at runner.Runner.run(Runner.java:49)
	at runner.Runner.main(Runner.java:22)
	at sun.reflect.NativeMethodAccessorImpl.invoke0(Native Method)
	at sun.reflect.NativeMethodAccessorImpl.invoke(NativeMethodAccessorImpl.java:62)
	at sun.reflect.DelegatingMethodAccessorImpl.invoke(DelegatingMethodAccessorImpl.java:43)
	at java.lang.reflect.Method.invoke(Method.java:498)
	at org.codehaus.mojo.exec.ExecJavaMojo$1.run(ExecJavaMojo.java:282)
	at java.lang.Thread.run(Thread.java:748)
</pre></div></td>
<td>31</td>
<td>tests.LoginTest@71ef0b94</td></tr>
<tr>
<td title='tests.LoginTest.loginFalse_and_PasswordTrue()'><b>loginFalse_and_PasswordTrue</b><br>Test class: tests.LoginTest ()<br/>
<a href="#Output-121779154" onClick='toggleBox("Output-121779154", this, "Show output", "Hide output");'>Show output</a>

<a href="#Output-121779154" onClick="toggleAllBoxes();">Show all outputs</a>
<div class='log' id="Output-121779154">
2018-05-31 13:21:40 INFO  LoginTest:32 - TC_CPT_2.1.2 loginFalse_and_PasswordTrue
<br/>
2018-05-31 13:22:11 WARN  MainPage:218 - isMainPage false
<br/>
2018-05-31 13:22:11 WARN  LoginPage:42 - Username or password is incorrect: x_Login-masha@yandex.ru, password- password
<br/>
</div>
</td>
<td><div><pre>exceptions.UsernameOrPasswordIsIncorrect: Username or password is incorrect: x_Login-masha@yandex.ru, password-password
	at ui.LoginPage.login(LoginPage.java:44)
	at tests.LoginTest.loginFalse_and_PasswordTrue(LoginTest.java:33)
	at runner.Runner.run(Runner.java:49)
	at runner.Runner.main(Runner.java:22)
	at org.codehaus.mojo.exec.ExecJavaMojo$1.run(ExecJavaMojo.java:282)
	at java.lang.Thread.run(Thread.java:748)
... Removed 25 stack frames</pre></div><a href='#' onClick='toggleBox("stack-trace121779154", this, "Click to show all stack frames", "Click to hide stack frames")'>Click to show all stack frames</a>
<div class='stack-trace' id='stack-trace121779154'><pre>exceptions.UsernameOrPasswordIsIncorrect: Username or password is incorrect: x_Login-masha@yandex.ru, password-password
	at ui.LoginPage.login(LoginPage.java:44)
	at tests.LoginTest.loginFalse_and_PasswordTrue(LoginTest.java:33)
	at sun.reflect.NativeMethodAccessorImpl.invoke0(Native Method)
	at sun.reflect.NativeMethodAccessorImpl.invoke(NativeMethodAccessorImpl.java:62)
	at sun.reflect.DelegatingMethodAccessorImpl.invoke(DelegatingMethodAccessorImpl.java:43)
	at java.lang.reflect.Method.invoke(Method.java:498)
	at org.testng.internal.MethodInvocationHelper.invokeMethod(MethodInvocationHelper.java:86)
	at org.testng.internal.Invoker.invokeMethod(Invoker.java:643)
	at org.testng.internal.Invoker.invokeTestMethod(Invoker.java:820)
	at org.testng.internal.Invoker.invokeTestMethods(Invoker.java:1128)
	at org.testng.internal.TestMethodWorker.invokeTestMethods(TestMethodWorker.java:129)
	at org.testng.internal.TestMethodWorker.run(TestMethodWorker.java:112)
	at org.testng.TestRunner.privateRun(TestRunner.java:782)
	at org.testng.TestRunner.run(TestRunner.java:632)
	at org.testng.SuiteRunner.runTest(SuiteRunner.java:366)
	at org.testng.SuiteRunner.runSequentially(SuiteRunner.java:361)
	at org.testng.SuiteRunner.privateRun(SuiteRunner.java:319)
	at org.testng.SuiteRunner.run(SuiteRunner.java:268)
	at org.testng.SuiteRunnerWorker.runSuite(SuiteRunnerWorker.java:52)
	at org.testng.SuiteRunnerWorker.run(SuiteRunnerWorker.java:86)
	at org.testng.TestNG.runSuitesSequentially(TestNG.java:1244)
	at org.testng.TestNG.runSuitesLocally(TestNG.java:1169)
	at org.testng.TestNG.run(TestNG.java:1064)
	at runner.Runner.run(Runner.java:49)
	at runner.Runner.main(Runner.java:22)
	at sun.reflect.NativeMethodAccessorImpl.invoke0(Native Method)
	at sun.reflect.NativeMethodAccessorImpl.invoke(NativeMethodAccessorImpl.java:62)
	at sun.reflect.DelegatingMethodAccessorImpl.invoke(DelegatingMethodAccessorImpl.java:43)
	at java.lang.reflect.Method.invoke(Method.java:498)
	at org.codehaus.mojo.exec.ExecJavaMojo$1.run(ExecJavaMojo.java:282)
	at java.lang.Thread.run(Thread.java:748)
</pre></div></td>
<td>31</td>
<td>tests.LoginTest@71ef0b94</td></tr>
<tr>
<td title='tests.LoginTest.loginTrue_and_PasswordFalse()'><b>loginTrue_and_PasswordFalse</b><br>Test class: tests.LoginTest ()<br/>
<a href="#Output-211621333" onClick='toggleBox("Output-211621333", this, "Show output", "Hide output");'>Show output</a>

<a href="#Output-211621333" onClick="toggleAllBoxes();">Show all outputs</a>
<div class='log' id="Output-211621333">
2018-05-31 13:22:11 INFO  LoginTest:26 - TC_CPT_2.1.1 loginTrue_and_PasswordFalse
<br/>
2018-05-31 13:22:42 WARN  MainPage:218 - isMainPage false
<br/>
2018-05-31 13:22:42 WARN  LoginPage:42 - Username or password is incorrect: x_Login-lukashovama@sgu.ru, password- 111111
<br/>
</div>
</td>
<td><div><pre>exceptions.UsernameOrPasswordIsIncorrect: Username or password is incorrect: x_Login-lukashovama@sgu.ru, password-111111
	at ui.LoginPage.login(LoginPage.java:44)
	at tests.LoginTest.loginTrue_and_PasswordFalse(LoginTest.java:27)
	at runner.Runner.run(Runner.java:49)
	at runner.Runner.main(Runner.java:22)
	at org.codehaus.mojo.exec.ExecJavaMojo$1.run(ExecJavaMojo.java:282)
	at java.lang.Thread.run(Thread.java:748)
... Removed 25 stack frames</pre></div><a href='#' onClick='toggleBox("stack-trace211621333", this, "Click to show all stack frames", "Click to hide stack frames")'>Click to show all stack frames</a>
<div class='stack-trace' id='stack-trace211621333'><pre>exceptions.UsernameOrPasswordIsIncorrect: Username or password is incorrect: x_Login-lukashovama@sgu.ru, password-111111
	at ui.LoginPage.login(LoginPage.java:44)
	at tests.LoginTest.loginTrue_and_PasswordFalse(LoginTest.java:27)
	at sun.reflect.NativeMethodAccessorImpl.invoke0(Native Method)
	at sun.reflect.NativeMethodAccessorImpl.invoke(NativeMethodAccessorImpl.java:62)
	at sun.reflect.DelegatingMethodAccessorImpl.invoke(DelegatingMethodAccessorImpl.java:43)
	at java.lang.reflect.Method.invoke(Method.java:498)
	at org.testng.internal.MethodInvocationHelper.invokeMethod(MethodInvocationHelper.java:86)
	at org.testng.internal.Invoker.invokeMethod(Invoker.java:643)
	at org.testng.internal.Invoker.invokeTestMethod(Invoker.java:820)
	at org.testng.internal.Invoker.invokeTestMethods(Invoker.java:1128)
	at org.testng.internal.TestMethodWorker.invokeTestMethods(TestMethodWorker.java:129)
	at org.testng.internal.TestMethodWorker.run(TestMethodWorker.java:112)
	at org.testng.TestRunner.privateRun(TestRunner.java:782)
	at org.testng.TestRunner.run(TestRunner.java:632)
	at org.testng.SuiteRunner.runTest(SuiteRunner.java:366)
	at org.testng.SuiteRunner.runSequentially(SuiteRunner.java:361)
	at org.testng.SuiteRunner.privateRun(SuiteRunner.java:319)
	at org.testng.SuiteRunner.run(SuiteRunner.java:268)
	at org.testng.SuiteRunnerWorker.runSuite(SuiteRunnerWorker.java:52)
	at org.testng.SuiteRunnerWorker.run(SuiteRunnerWorker.java:86)
	at org.testng.TestNG.runSuitesSequentially(TestNG.java:1244)
	at org.testng.TestNG.runSuitesLocally(TestNG.java:1169)
	at org.testng.TestNG.run(TestNG.java:1064)
	at runner.Runner.run(Runner.java:49)
	at runner.Runner.main(Runner.java:22)
	at sun.reflect.NativeMethodAccessorImpl.invoke0(Native Method)
	at sun.reflect.NativeMethodAccessorImpl.invoke(NativeMethodAccessorImpl.java:62)
	at sun.reflect.DelegatingMethodAccessorImpl.invoke(DelegatingMethodAccessorImpl.java:43)
	at java.lang.reflect.Method.invoke(Method.java:498)
	at org.codehaus.mojo.exec.ExecJavaMojo$1.run(ExecJavaMojo.java:282)
	at java.lang.Thread.run(Thread.java:748)
</pre></div></td>
<td>30</td>
<td>tests.LoginTest@71ef0b94</td></tr>
<tr>
<td title='tests.PasswordRecoveryTest.recoveryPassword()'><b>recoveryPassword</b><br>Test class: tests.PasswordRecoveryTest ()<br/>
<a href="#Output-1369270853" onClick='toggleBox("Output-1369270853", this, "Show output", "Hide output");'>Show output</a>

<a href="#Output-1369270853" onClick="toggleAllBoxes();">Show all outputs</a>
<div class='log' id="Output-1369270853">
2018-05-31 13:22:43 INFO  PasswordRecoveryTest:31 - TC_3.2. recoveryPassword
<br/>
2018-05-31 13:22:43 INFO  PasswordRecoveryPage:28 - setEmail mari-lukashowa@yandex.ru
<br/>
2018-05-31 13:22:43 INFO  PasswordRecoveryPage:35 - clickBtnSubmit
<br/>
2018-05-31 13:22:43 WARN  LoginPage:61 - isLoginPage true
<br/>
</div>
</td>
<td></td>
<td>0</td>
<td>tests.PasswordRecoveryTest@175b24ae</td></tr>
</table><p>
<table width='100%' border='1' class='invocation-skipped'>
<tr><td colspan='4' align='center'><b>SKIPPED TESTS</b></td></tr>
<tr><td><b>Test method</b></td>
<td width="30%"><b>Exception</b></td>
<td width="10%"><b>Time (seconds)</b></td>
<td><b>Instance</b></td>
</tr>
<tr>
<td title='tests.PasswordRecoveryTest.recoveryPassword_withInvalidEmail()'><b>recoveryPassword_withInvalidEmail</b><br>Test class: tests.PasswordRecoveryTest ()<br>Parameters: </td>
<td></td>
<td>0</td>
<td>tests.PasswordRecoveryTest@175b24ae</td></tr>
<tr>
<td title='tests.PasswordRecoveryTest.recoveryPassword_withInvalidEmail()'><b>recoveryPassword_withInvalidEmail</b><br>Test class: tests.PasswordRecoveryTest ()<br>Parameters: mari12345678@yandex.ru</td>
<td></td>
<td>0</td>
<td>tests.PasswordRecoveryTest@175b24ae</td></tr>
<tr>
<td title='tests.PasswordRecoveryTest.recoveryPassword_withInvalidEmail()'><b>recoveryPassword_withInvalidEmail</b><br>Test class: tests.PasswordRecoveryTest ()<br>Parameters: %$$@.test</td>
<td></td>
<td>0</td>
<td>tests.PasswordRecoveryTest@175b24ae</td></tr>
</table><p>
</body>
</html>