<?xml version="1.0" encoding="UTF-8"?>
<!-- Generated by org.testng.reporters.JUnitXMLReporter -->
<testsuite hostname="EPRUSARW1003" name="test" tests="4" failures="0" timestamp="14 May 2018 18:24:32 GMT" time="10.028" errors="0">
  <testcase name="@BeforeClass login" time="0.0" classname="tests.mainPageTests.portfolioPageTests.AddFileInPortfolioTest">
    <failure type="org.openqa.selenium.NoSuchElementException" message="no such element: Unable to locate element: {&amp;quot;method&amp;quot;:&amp;quot;id&amp;quot;,&amp;quot;selector&amp;quot;:&amp;quot;inputEmail&amp;quot;}
  (Session info: chrome=66.0.3359.170)
  (Driver info: chromedriver=2.38.552522 (437e6fbedfa8762dec75e2c5b3ddb86763dc9dcb),platform=Windows NT 10.0.16299 x86_64) (WARNING: The server did not provide any stacktrace information)
Command duration or timeout: 0 milliseconds
For documentation on this error, please visit: http://seleniumhq.org/exceptions/no_such_element.html
Build info: version: &amp;apos;3.5.3&amp;apos;, revision: &amp;apos;a88d25fe6b&amp;apos;, time: &amp;apos;2017-08-29T12:42:44.417Z&amp;apos;
System info: host: &amp;apos;EPRUSARW1003&amp;apos;, ip: &amp;apos;10.11.14.128&amp;apos;, os.name: &amp;apos;Windows 10&amp;apos;, os.arch: &amp;apos;amd64&amp;apos;, os.version: &amp;apos;10.0&amp;apos;, java.version: &amp;apos;1.8.0_161&amp;apos;
Driver info: org.openqa.selenium.chrome.ChromeDriver
Capabilities [{mobileEmulationEnabled=false, hasTouchScreen=false, platform=XP, acceptSslCerts=false, acceptInsecureCerts=false, webStorageEnabled=true, browserName=chrome, takesScreenshot=true, javascriptEnabled=true, platformName=XP, setWindowRect=true, unexpectedAlertBehaviour=, applicationCacheEnabled=false, rotatable=false, networkConnectionEnabled=false, chrome={chromedriverVersion=2.38.552522 (437e6fbedfa8762dec75e2c5b3ddb86763dc9dcb), userDataDir=C:\Users\MARIIA~1\AppData\Local\Temp\scoped_dir6140_20148}, takesHeapSnapshot=true, pageLoadStrategy=normal, unhandledPromptBehavior=, databaseEnabled=false, handlesAlerts=true, version=66.0.3359.170, browserConnectionEnabled=false, nativeEvents=true, locationContextEnabled=true, cssSelectorsEnabled=true}]
Session ID: ed8bc33d8c746419d45bde60864bc984
*** Element info: {Using=id, value=inputEmail}">
      <![CDATA[org.openqa.selenium.NoSuchElementException: no such element: Unable to locate element: {"method":"id","selector":"inputEmail"}
  (Session info: chrome=66.0.3359.170)
  (Driver info: chromedriver=2.38.552522 (437e6fbedfa8762dec75e2c5b3ddb86763dc9dcb),platform=Windows NT 10.0.16299 x86_64) (WARNING: The server did not provide any stacktrace information)
Command duration or timeout: 0 milliseconds
For documentation on this error, please visit: http://seleniumhq.org/exceptions/no_such_element.html
Build info: version: '3.5.3', revision: 'a88d25fe6b', time: '2017-08-29T12:42:44.417Z'
System info: host: 'EPRUSARW1003', ip: '10.11.14.128', os.name: 'Windows 10', os.arch: 'amd64', os.version: '10.0', java.version: '1.8.0_161'
Driver info: org.openqa.selenium.chrome.ChromeDriver
Capabilities [{mobileEmulationEnabled=false, hasTouchScreen=false, platform=XP, acceptSslCerts=false, acceptInsecureCerts=false, webStorageEnabled=true, browserName=chrome, takesScreenshot=true, javascriptEnabled=true, platformName=XP, setWindowRect=true, unexpectedAlertBehaviour=, applicationCacheEnabled=false, rotatable=false, networkConnectionEnabled=false, chrome={chromedriverVersion=2.38.552522 (437e6fbedfa8762dec75e2c5b3ddb86763dc9dcb), userDataDir=C:\Users\MARIIA~1\AppData\Local\Temp\scoped_dir6140_20148}, takesHeapSnapshot=true, pageLoadStrategy=normal, unhandledPromptBehavior=, databaseEnabled=false, handlesAlerts=true, version=66.0.3359.170, browserConnectionEnabled=false, nativeEvents=true, locationContextEnabled=true, cssSelectorsEnabled=true}]
Session ID: ed8bc33d8c746419d45bde60864bc984
*** Element info: {Using=id, value=inputEmail}
	at org.openqa.selenium.remote.ErrorHandler.createThrowable(ErrorHandler.java:215)
	at org.openqa.selenium.remote.ErrorHandler.throwIfResponseFailed(ErrorHandler.java:167)
	at org.openqa.selenium.remote.http.JsonHttpResponseCodec.reconstructValue(JsonHttpResponseCodec.java:40)
	at org.openqa.selenium.remote.http.AbstractHttpResponseCodec.decode(AbstractHttpResponseCodec.java:82)
	at org.openqa.selenium.remote.http.AbstractHttpResponseCodec.decode(AbstractHttpResponseCodec.java:45)
	at org.openqa.selenium.remote.HttpCommandExecutor.execute(HttpCommandExecutor.java:164)
	at org.openqa.selenium.remote.service.DriverCommandExecutor.execute(DriverCommandExecutor.java:82)
	at org.openqa.selenium.remote.RemoteWebDriver.execute(RemoteWebDriver.java:646)
	at org.openqa.selenium.remote.RemoteWebDriver.findElement(RemoteWebDriver.java:416)
	at org.openqa.selenium.remote.RemoteWebDriver.findElementById(RemoteWebDriver.java:462)
	at org.openqa.selenium.By$ById.findElement(By.java:218)
	at org.openqa.selenium.remote.RemoteWebDriver.findElement(RemoteWebDriver.java:408)
	at org.openqa.selenium.support.events.EventFiringWebDriver$2.invoke(EventFiringWebDriver.java:105)
	at com.sun.proxy.$Proxy11.findElement(Unknown Source)
	at org.openqa.selenium.support.events.EventFiringWebDriver.findElement(EventFiringWebDriver.java:189)
	at org.openqa.selenium.support.pagefactory.DefaultElementLocator.findElement(DefaultElementLocator.java:69)
	at org.openqa.selenium.support.pagefactory.internal.LocatingElementHandler.invoke(LocatingElementHandler.java:38)
	at com.sun.proxy.$Proxy15.clear(Unknown Source)
	at ui.LoginPage.login(LoginPage.java:31)
	at x_Login(BaseTest.java:43)
	at runner.Runner.run(Runner.java:49)
	at runner.Runner.main(Runner.java:22)
... Removed 29 stack frames]]>
    </failure>
  </testcase> <!-- @BeforeClass login -->
  <testcase name="@BeforeClass startWebSite" time="0.0" classname="tests.mainPageTests.portfolioPageTests.AddFileInPortfolioTest">
    <skipped/>
  </testcase> <!-- @BeforeClass startWebSite -->
  <testcase name="@BeforeMethod openPortfolio" time="0.0" classname="tests.mainPageTests.portfolioPageTests.AddFileInPortfolioTest">
    <skipped/>
  </testcase> <!-- @BeforeMethod openPortfolio -->
  <testcase name="@BeforeMethod openPortfolio" time="0.0" classname="tests.mainPageTests.portfolioPageTests.AddFileInPortfolioTest">
    <skipped/>
  </testcase> <!-- @BeforeMethod openPortfolio -->
  <testcase name="@BeforeMethod openPortfolio" time="0.0" classname="tests.mainPageTests.portfolioPageTests.AddFileInPortfolioTest">
    <skipped/>
  </testcase> <!-- @BeforeMethod openPortfolio -->
  <testcase name="@BeforeMethod openPortfolio" time="0.0" classname="tests.mainPageTests.portfolioPageTests.AddFileInPortfolioTest">
    <skipped/>
  </testcase> <!-- @BeforeMethod openPortfolio -->
  <testcase name="@AfterClass authorizationOut" time="0.0" classname="tests.mainPageTests.portfolioPageTests.AddFileInPortfolioTest">
    <skipped/>
  </testcase> <!-- @AfterClass authorizationOut -->
  <testcase name="" time="0.0" classname="tests.mainPageTests.portfolioPageTests.AddFileInPortfolioTest">
    <skipped/>
  </testcase> <!--  -->
  <testcase name="" time="0.0" classname="tests.mainPageTests.portfolioPageTests.AddFileInPortfolioTest">
    <skipped/>
  </testcase> <!--  -->
  <testcase name="" time="0.0" classname="tests.mainPageTests.portfolioPageTests.AddFileInPortfolioTest">
    <skipped/>
  </testcase> <!--  -->
  <testcase name="" time="0.0" classname="tests.mainPageTests.portfolioPageTests.AddFileInPortfolioTest">
    <skipped/>
  </testcase> <!--  -->
</testsuite> <!-- test -->
