<?xml version="1.0" encoding="utf-8" ?>
<!DOCTYPE html PUBLIC "-//W3C//DTD XHTML 1.0 Strict//EN"
        "http://www.w3.org/TR/xhtml1/DTD/xhtml1-strict.dtd">
<html xmlns="http://www.w3.org/1999/xhtml" xml:lang="" lang="">
<head>
  <title>Test Results Report - Support page testing</title>
  <meta http-equiv="Content-Type" content="text/html;charset=utf-8" />
  <meta name="description" content="TestNG unit test results." />
  <link href="reportng.css" rel="stylesheet" type="text/css" />
    <script type="text/javascript" src="reportng.js"></script>
</head>
<body>
<h1>Support page testing</h1>
<p>
  Test duration: 138.693s
</p>



  <table class="resultsTable">
    <tr><th colspan="3" class="header failed">Failed Tests</th></tr>
          <tr>
        <td colspan="3" class="group">tests.supportPageTests.SupportTest</td>
      </tr>
            
<tr>
  <td class="method">
                       ()
      </td>
  <td class="duration">
    5.940s
  </td>
  <td class="result">
        
          <i>Method arguments: </i><span class="arguments">"#$#$%#^@$", "glaza-kot-usy-koska-klyki-usi-azyk.jpg"</span><br />
    
            <div class="testOutput">
                        2018-05-31 13:23:46 INFO  SupportTest:40 - TC_CPT_6.1/6.2/6.4 askQuestionWithInvalidText

                                2018-05-31 13:23:46 INFO  CommonPage:90 - openSupportPage

                                2018-05-31 13:23:50 WARN  SupportPage:88 - isSupportPage true

                                2018-05-31 13:23:51 INFO  SupportPage:51 - sentQuestionWithFile #$#$%#^@$ - \src\test\resources\artifacts\glaza-kot-usy-koska-klyki-usi-azyk.jpg

                                2018-05-31 13:23:52 WARN  SupportPage:75 - isQuestionPresent #$#$%#^@$ - glaza-kot-usy-koska-klyki-usi-azyk.jpg true

                                2018-05-31 13:23:52 INFO  Screenshot:43 - <a href='screenshots/screenshot2315935547728037853.png'>AutoScreen</a>

                  </div>
    

        <a href="javascript:toggleElement('exception-0', 'block')" title="Click to expand/collapse"><b>java.lang.AssertionError: The question with invalid data is exist expected [false] but found [true]</b></a><br />
    <div class="stackTrace" id="exception-0">
              org.testng.Assert.fail(Assert.java:94)<br />
              org.testng.Assert.failNotEquals(Assert.java:513)<br />
              org.testng.Assert.assertFalse(Assert.java:63)<br />
              tests.supportPageTests.SupportTest.askQuestionWithInvalidText(SupportTest.java:44)<br />
              sun.reflect.NativeMethodAccessorImpl.invoke0(Native Method)<br />
              sun.reflect.NativeMethodAccessorImpl.invoke(NativeMethodAccessorImpl.java:62)<br />
              sun.reflect.DelegatingMethodAccessorImpl.invoke(DelegatingMethodAccessorImpl.java:43)<br />
              java.lang.reflect.Method.invoke(Method.java:498)<br />
              org.testng.internal.MethodInvocationHelper.invokeMethod(MethodInvocationHelper.java:86)<br />
              org.testng.internal.Invoker.invokeMethod(Invoker.java:643)<br />
              org.testng.internal.Invoker.invokeTestMethod(Invoker.java:820)<br />
              org.testng.internal.Invoker.invokeTestMethods(Invoker.java:1128)<br />
              org.testng.internal.TestMethodWorker.invokeTestMethods(TestMethodWorker.java:129)<br />
              org.testng.internal.TestMethodWorker.run(TestMethodWorker.java:112)<br />
              org.testng.TestRunner.privateRun(TestRunner.java:782)<br />
              org.testng.TestRunner.run(TestRunner.java:632)<br />
              org.testng.SuiteRunner.runTest(SuiteRunner.java:366)<br />
              org.testng.SuiteRunner.runSequentially(SuiteRunner.java:361)<br />
              org.testng.SuiteRunner.privateRun(SuiteRunner.java:319)<br />
              org.testng.SuiteRunner.run(SuiteRunner.java:268)<br />
              org.testng.SuiteRunnerWorker.runSuite(SuiteRunnerWorker.java:52)<br />
              org.testng.SuiteRunnerWorker.run(SuiteRunnerWorker.java:86)<br />
              org.testng.TestNG.runSuitesSequentially(TestNG.java:1244)<br />
              org.testng.TestNG.runSuitesLocally(TestNG.java:1169)<br />
              org.testng.TestNG.run(TestNG.java:1064)<br />
              runner.Runner.run(Runner.java:49)<br />
              runner.Runner.main(Runner.java:22)<br />
              sun.reflect.NativeMethodAccessorImpl.invoke0(Native Method)<br />
              sun.reflect.NativeMethodAccessorImpl.invoke(NativeMethodAccessorImpl.java:62)<br />
              sun.reflect.DelegatingMethodAccessorImpl.invoke(DelegatingMethodAccessorImpl.java:43)<br />
              java.lang.reflect.Method.invoke(Method.java:498)<br />
              org.codehaus.mojo.exec.ExecJavaMojo$1.run(ExecJavaMojo.java:282)<br />
              java.lang.Thread.run(Thread.java:748)<br />
                </div>
      </td>
</tr>
<tr>
  <td class="method">
                       ()
      </td>
  <td class="duration">
    6.963s
  </td>
  <td class="result">
        
          <i>Method arguments: </i><span class="arguments">"/*SELECT * FROM a*/", "glaza-kot-usy-koska-klyki-usi-azyk.jpg"</span><br />
    
            <div class="testOutput">
                        2018-05-31 13:23:52 INFO  SupportTest:40 - TC_CPT_6.1/6.2/6.4 askQuestionWithInvalidText

                                2018-05-31 13:23:52 INFO  CommonPage:90 - openSupportPage

                                2018-05-31 13:23:57 WARN  SupportPage:88 - isSupportPage true

                                2018-05-31 13:23:59 INFO  SupportPage:51 - sentQuestionWithFile /*SELECT * FROM a*/ - \src\test\resources\artifacts\glaza-kot-usy-koska-klyki-usi-azyk.jpg

                                2018-05-31 13:23:59 WARN  SupportPage:75 - isQuestionPresent /*SELECT * FROM a*/ - glaza-kot-usy-koska-klyki-usi-azyk.jpg true

                                2018-05-31 13:23:59 INFO  Screenshot:43 - <a href='screenshots/screenshot1281739903961510189.png'>AutoScreen</a>

                  </div>
    

        <a href="javascript:toggleElement('exception-1', 'block')" title="Click to expand/collapse"><b>java.lang.AssertionError: The question with invalid data is exist expected [false] but found [true]</b></a><br />
    <div class="stackTrace" id="exception-1">
              org.testng.Assert.fail(Assert.java:94)<br />
              org.testng.Assert.failNotEquals(Assert.java:513)<br />
              org.testng.Assert.assertFalse(Assert.java:63)<br />
              tests.supportPageTests.SupportTest.askQuestionWithInvalidText(SupportTest.java:44)<br />
              sun.reflect.NativeMethodAccessorImpl.invoke0(Native Method)<br />
              sun.reflect.NativeMethodAccessorImpl.invoke(NativeMethodAccessorImpl.java:62)<br />
              sun.reflect.DelegatingMethodAccessorImpl.invoke(DelegatingMethodAccessorImpl.java:43)<br />
              java.lang.reflect.Method.invoke(Method.java:498)<br />
              org.testng.internal.MethodInvocationHelper.invokeMethod(MethodInvocationHelper.java:86)<br />
              org.testng.internal.Invoker.invokeMethod(Invoker.java:643)<br />
              org.testng.internal.Invoker.invokeTestMethod(Invoker.java:820)<br />
              org.testng.internal.Invoker.invokeTestMethods(Invoker.java:1128)<br />
              org.testng.internal.TestMethodWorker.invokeTestMethods(TestMethodWorker.java:129)<br />
              org.testng.internal.TestMethodWorker.run(TestMethodWorker.java:112)<br />
              org.testng.TestRunner.privateRun(TestRunner.java:782)<br />
              org.testng.TestRunner.run(TestRunner.java:632)<br />
              org.testng.SuiteRunner.runTest(SuiteRunner.java:366)<br />
              org.testng.SuiteRunner.runSequentially(SuiteRunner.java:361)<br />
              org.testng.SuiteRunner.privateRun(SuiteRunner.java:319)<br />
              org.testng.SuiteRunner.run(SuiteRunner.java:268)<br />
              org.testng.SuiteRunnerWorker.runSuite(SuiteRunnerWorker.java:52)<br />
              org.testng.SuiteRunnerWorker.run(SuiteRunnerWorker.java:86)<br />
              org.testng.TestNG.runSuitesSequentially(TestNG.java:1244)<br />
              org.testng.TestNG.runSuitesLocally(TestNG.java:1169)<br />
              org.testng.TestNG.run(TestNG.java:1064)<br />
              runner.Runner.run(Runner.java:49)<br />
              runner.Runner.main(Runner.java:22)<br />
              sun.reflect.NativeMethodAccessorImpl.invoke0(Native Method)<br />
              sun.reflect.NativeMethodAccessorImpl.invoke(NativeMethodAccessorImpl.java:62)<br />
              sun.reflect.DelegatingMethodAccessorImpl.invoke(DelegatingMethodAccessorImpl.java:43)<br />
              java.lang.reflect.Method.invoke(Method.java:498)<br />
              org.codehaus.mojo.exec.ExecJavaMojo$1.run(ExecJavaMojo.java:282)<br />
              java.lang.Thread.run(Thread.java:748)<br />
                </div>
      </td>
</tr>
      </table>


  <table class="resultsTable">
    <tr><th colspan="3" class="header passed">Passed Tests</th></tr>
          <tr>
        <td colspan="3" class="group">tests.supportPageTests.SupportTest</td>
      </tr>
            
<tr>
  <td class="method">
                       ()
      </td>
  <td class="duration">
    35.926s
  </td>
  <td class="result">
        
          <i>Method arguments: </i><span class="arguments">"TEST", "Xvid-1.3.5-20171208.exe"</span><br />
    
            <div class="testOutput">
                        2018-05-31 13:23:59 INFO  SupportTest:40 - TC_CPT_6.1/6.2/6.4 askQuestionWithInvalidText

                                2018-05-31 13:23:59 INFO  CommonPage:90 - openSupportPage

                                2018-05-31 13:24:04 WARN  SupportPage:88 - isSupportPage true

                                2018-05-31 13:24:05 INFO  SupportPage:51 - sentQuestionWithFile TEST - \src\test\resources\artifacts\Xvid-1.3.5-20171208.exe

                                2018-05-31 13:24:35 WARN  SupportPage:78 - isQuestionPresent TEST - Xvid-1.3.5-20171208.exe false

                  </div>
    

      </td>
</tr>
<tr>
  <td class="method">
                       ()
      </td>
  <td class="duration">
    6.866s
  </td>
  <td class="result">
        
    
            <div class="testOutput">
                        2018-05-31 13:23:03 INFO  SupportTest:27 - TC_6.3 askQuestionWithFile

                                2018-05-31 13:23:03 INFO  CommonPage:90 - openSupportPage

                                2018-05-31 13:23:09 WARN  SupportPage:88 - isSupportPage true

                                2018-05-31 13:23:09 INFO  SupportPage:51 - sentQuestionWithFile TEST - \src\test\resources\artifacts\glaza-kot-usy-koska-klyki-usi-azyk.jpg

                                2018-05-31 13:23:10 WARN  SupportPage:75 - isQuestionPresent TEST - glaza-kot-usy-koska-klyki-usi-azyk.jpg true

                  </div>
    

      </td>
</tr>
<tr>
  <td class="method">
                       ()
      </td>
  <td class="duration">
    4.016s
  </td>
  <td class="result">
        
    
            <div class="testOutput">
                        2018-05-31 13:22:59 INFO  SupportTest:17 - TC_6.1 askQuestion

                                2018-05-31 13:22:59 INFO  CommonPage:90 - openSupportPage

                                2018-05-31 13:23:02 WARN  SupportPage:88 - isSupportPage true

                                2018-05-31 13:23:03 INFO  SupportPage:41 - sentQuestionWithoutFile HELLO it is auto TEST

                                2018-05-31 13:23:03 WARN  SupportPage:88 - isSupportPage true

                                2018-05-31 13:23:03 WARN  SupportPage:60 - isQuestionPresent HELLO it is auto TEST true true

                                2018-05-31 13:23:03 WARN  SupportPage:88 - isSupportPage true

                  </div>
    

      </td>
</tr>
<tr>
  <td class="method">
                       ()
      </td>
  <td class="duration">
    35.956s
  </td>
  <td class="result">
        
          <i>Method arguments: </i><span class="arguments">"", "glaza-kot-usy-koska-klyki-usi-azyk.jpg"</span><br />
    
            <div class="testOutput">
                        2018-05-31 13:23:10 INFO  SupportTest:40 - TC_CPT_6.1/6.2/6.4 askQuestionWithInvalidText

                                2018-05-31 13:23:10 INFO  CommonPage:90 - openSupportPage

                                2018-05-31 13:23:15 WARN  SupportPage:88 - isSupportPage true

                                2018-05-31 13:23:16 INFO  SupportPage:51 - sentQuestionWithFile  - \src\test\resources\artifacts\glaza-kot-usy-koska-klyki-usi-azyk.jpg

                                2018-05-31 13:23:46 WARN  SupportPage:78 - isQuestionPresent  - glaza-kot-usy-koska-klyki-usi-azyk.jpg false

                  </div>
    

      </td>
</tr>
<tr>
  <td class="method">
                       ()
      </td>
  <td class="duration">
    35.971s
  </td>
  <td class="result">
        
          <i>Method arguments: </i><span class="arguments">"TEST", ""</span><br />
    
            <div class="testOutput">
                        2018-05-31 13:24:35 INFO  SupportTest:40 - TC_CPT_6.1/6.2/6.4 askQuestionWithInvalidText

                                2018-05-31 13:24:35 INFO  CommonPage:90 - openSupportPage

                                2018-05-31 13:24:40 WARN  SupportPage:88 - isSupportPage true

                                2018-05-31 13:24:41 INFO  SupportPage:51 - sentQuestionWithFile TEST - \src\test\resources\artifacts\

                                2018-05-31 13:25:11 WARN  SupportPage:78 - isQuestionPresent TEST -  false

                  </div>
    

      </td>
</tr>
      </table>
  
</body>
</html>
