<?xml version="1.0" encoding="UTF-8"?>
<!-- Generated by org.testng.reporters.JUnitReportReporter -->
<testsuite hostname="EPRUSARW1003" name="tests.mainPageTests.MainPageTest" tests="9" failures="1" timestamp="31 May 2018 09:36:38 GMT" time="63.396" errors="0">
  <testcase name="isInfoBlock" time="1.135" classname="tests.mainPageTests.MainPageTest"/>
  <testcase name="changeEmailWithInvalidText" time="3.931" classname="tests.mainPageTests.MainPageTest"/>
  <testcase name="changeCity" time="31.926" classname="tests.mainPageTests.MainPageTest"/>
  <testcase name="changeEmailWithInvalidText" time="3.415" classname="tests.mainPageTests.MainPageTest"/>
  <testcase name="changeCity" time="2.215" classname="tests.mainPageTests.MainPageTest"/>
  <testcase name="isNewsBlock" time="1.419" classname="tests.mainPageTests.MainPageTest"/>
  <testcase name="changeCity" time="2.043" classname="tests.mainPageTests.MainPageTest"/>
  <testcase name="changeEmailWithInvalidText" time="3.957" classname="tests.mainPageTests.MainPageTest"/>
  <testcase name="changeEmailWithInvalidText" time="13.355" classname="tests.mainPageTests.MainPageTest">
    <failure type="java.lang.AssertionError" message="Message error isn&#039;t displayed expected [true] but found [false]">
      <![CDATA[java.lang.AssertionError: Message error isn't displayed expected [true] but found [false]
	at org.testng.Assert.fail(Assert.java:94)
	at org.testng.Assert.failNotEquals(Assert.java:513)
	at org.testng.Assert.assertTrue(Assert.java:42)
	at tests.mainPageTests.MainPageTest.changeEmailWithInvalidText(MainPageTest.java:70)
	at sun.reflect.NativeMethodAccessorImpl.invoke0(Native Method)
	at sun.reflect.NativeMethodAccessorImpl.invoke(NativeMethodAccessorImpl.java:62)
	at sun.reflect.DelegatingMethodAccessorImpl.invoke(DelegatingMethodAccessorImpl.java:43)
	at java.lang.reflect.Method.invoke(Method.java:498)
	at org.testng.internal.MethodInvocationHelper.invokeMethod(MethodInvocationHelper.java:86)
	at org.testng.internal.Invoker.invokeMethod(Invoker.java:643)
	at org.testng.internal.Invoker.invokeTestMethod(Invoker.java:820)
	at org.testng.internal.Invoker.invokeTestMethods(Invoker.java:1128)
	at org.testng.internal.TestMethodWorker.invokeTestMethods(TestMethodWorker.java:129)
	at org.testng.internal.TestMethodWorker.run(TestMethodWorker.java:112)
	at org.testng.TestRunner.privateRun(TestRunner.java:782)
	at org.testng.TestRunner.run(TestRunner.java:632)
	at org.testng.SuiteRunner.runTest(SuiteRunner.java:366)
	at org.testng.SuiteRunner.runSequentially(SuiteRunner.java:361)
	at org.testng.SuiteRunner.privateRun(SuiteRunner.java:319)
	at org.testng.SuiteRunner.run(SuiteRunner.java:268)
	at org.testng.SuiteRunnerWorker.runSuite(SuiteRunnerWorker.java:52)
	at org.testng.SuiteRunnerWorker.run(SuiteRunnerWorker.java:86)
	at org.testng.TestNG.runSuitesSequentially(TestNG.java:1244)
	at org.testng.TestNG.runSuitesLocally(TestNG.java:1169)
	at org.testng.TestNG.run(TestNG.java:1064)
	at runner.Runner.run(Runner.java:49)
	at runner.Runner.main(Runner.java:22)
	at sun.reflect.NativeMethodAccessorImpl.invoke0(Native Method)
	at sun.reflect.NativeMethodAccessorImpl.invoke(NativeMethodAccessorImpl.java:62)
	at sun.reflect.DelegatingMethodAccessorImpl.invoke(DelegatingMethodAccessorImpl.java:43)
	at java.lang.reflect.Method.invoke(Method.java:498)
	at org.codehaus.mojo.exec.ExecJavaMojo$1.run(ExecJavaMojo.java:282)
	at java.lang.Thread.run(Thread.java:748)
]]>
    </failure>
  </testcase> <!-- changeEmailWithInvalidText -->
</testsuite> <!-- tests.mainPageTests.MainPageTest -->
